2024-03-23 14:36:26,866 INFO c.e.A.ApartmanProjectApplicationTests [main] Starting ApartmanProjectApplicationTests using Java 18.0.2.1 with PID 3684 (started by olmez in C:\Users\olmez\Desktop\ApartmanProject\Backend)
2024-03-23 14:36:26,873 DEBUG c.e.A.ApartmanProjectApplicationTests [main] Running with Spring Boot v3.0.2, Spring v6.0.4
2024-03-23 14:36:26,874 INFO c.e.A.ApartmanProjectApplicationTests [main] No active profile set, falling back to 1 default profile: "default"
2024-03-23 14:36:33,264 INFO c.e.A.ApartmanProjectApplicationTests [main] Started ApartmanProjectApplicationTests in 6.643 seconds (process running for 8.286)
2024-03-23 14:36:34,130 INFO c.e.ApartmanProjectApplication [restartedMain] Starting ApartmanProjectApplication using Java 18.0.2.1 with PID 26256 (C:\Users\olmez\Desktop\ApartmanProject\Backend\target\classes started by olmez in C:\Users\olmez\Desktop\ApartmanProject\Backend)
2024-03-23 14:36:34,132 DEBUG c.e.ApartmanProjectApplication [restartedMain] Running with Spring Boot v3.0.2, Spring v6.0.4
2024-03-23 14:36:34,133 INFO c.e.ApartmanProjectApplication [restartedMain] No active profile set, falling back to 1 default profile: "default"
2024-03-23 14:36:38,565 INFO c.e.ApartmanProjectApplication [restartedMain] Started ApartmanProjectApplication in 4.849 seconds (process running for 6.377)
2024-03-23 14:37:09,521 INFO c.e.c.flatController [http-nio-8080-exec-1] /flats adresine get request gönderilmiştir.
2024-03-23 14:37:20,812 INFO c.e.c.flatController [http-nio-8080-exec-6] Sayfa 1 için daireler bulundu.
2024-03-23 14:37:49,628 INFO c.e.c.flatController [http-nio-8080-exec-9] /flats adresine get request gönderilmiştir.
2024-03-23 14:38:03,602 INFO c.e.c.flatController [http-nio-8080-exec-3] Flat ID: 46olan daire başarıyla veritabanına kaydedilmiştir.
2024-03-23 14:38:04,589 INFO c.e.c.flatController [http-nio-8080-exec-7] Flat ID: 47olan daire başarıyla veritabanına kaydedilmiştir.
2024-03-23 14:38:05,626 INFO c.e.c.flatController [http-nio-8080-exec-8] /flats adresine get request gönderilmiştir.
2024-03-23 14:38:45,904 INFO c.e.c.flatController [http-nio-8080-exec-4] Flat ID: 48olan daire başarıyla veritabanına kaydedilmiştir.
2024-03-23 14:38:50,353 INFO c.e.c.flatController [http-nio-8080-exec-6] Flat ID: 49olan daire başarıyla veritabanına kaydedilmiştir.
2024-03-23 14:38:52,740 INFO c.e.c.flatController [http-nio-8080-exec-9] Flat ID: 50olan daire başarıyla veritabanına kaydedilmiştir.
2024-03-23 14:38:54,933 INFO c.e.c.flatController [http-nio-8080-exec-5] Flat ID: 51olan daire başarıyla veritabanına kaydedilmiştir.
2024-03-23 14:38:58,999 INFO c.e.c.flatController [http-nio-8080-exec-3] Sayfa 1 için daireler bulundu.
2024-03-23 14:38:59,797 INFO c.e.c.flatController [http-nio-8080-exec-8] Sayfa 1 için daireler bulundu.
2024-03-23 14:39:02,288 INFO c.e.c.flatController [http-nio-8080-exec-7] Sayfa 2 için daireler bulundu.
2024-03-23 14:39:06,737 INFO c.e.c.flatController [http-nio-8080-exec-1] Sayfa 1 için daireler bulundu.
2024-03-23 15:09:23,868 INFO c.e.c.flatController [http-nio-8080-exec-5] Sayfa 2 için daireler bulundu.
2024-03-23 15:15:00,894 INFO c.e.c.flatController [http-nio-8080-exec-7] Sayfa 1 için daireler bulundu.
2024-03-23 15:15:05,742 INFO c.e.c.flatController [http-nio-8080-exec-2] Sayfa 1 için daireler bulundu.
2024-03-23 15:15:10,898 INFO c.e.c.flatController [http-nio-8080-exec-10] Sayfa 1 için daireler bulundu.
2024-03-23 15:15:17,810 INFO c.e.c.flatController [http-nio-8080-exec-1] Sayfa 1 için daireler bulundu.
2024-03-23 15:15:21,155 INFO c.e.c.flatController [http-nio-8080-exec-4] Sayfa 1 için daireler bulundu.
2024-03-23 15:17:23,956 INFO c.e.c.flatController [http-nio-8080-exec-9] Sayfa 1 için daireler bulundu.
2024-03-23 15:17:24,516 INFO c.e.c.flatController [http-nio-8080-exec-5] Sayfa 1 için daireler bulundu.
2024-03-23 15:17:31,193 INFO c.e.c.flatController [http-nio-8080-exec-3] Sayfa 1 için daireler bulundu.
2024-03-23 15:17:31,679 INFO c.e.c.flatController [http-nio-8080-exec-8] Sayfa 1 için daireler bulundu.
2024-03-23 15:18:19,970 INFO c.e.c.flatController [http-nio-8080-exec-7] Sayfa 1 için daireler bulundu.
2024-03-23 15:18:20,033 INFO c.e.c.flatController [http-nio-8080-exec-2] Sayfa 1 için daireler bulundu.
2024-03-23 15:18:56,448 INFO c.e.c.flatController [http-nio-8080-exec-10] Sayfa 1 için daireler bulundu.
2024-03-23 15:18:59,662 INFO c.e.c.flatController [http-nio-8080-exec-1] Sayfa 1 için daireler bulundu.
2024-03-23 15:19:02,946 INFO c.e.c.flatController [http-nio-8080-exec-4] Sayfa 1 için daireler bulundu.
2024-03-23 15:19:58,286 INFO c.e.c.flatController [http-nio-8080-exec-6] Sayfa 2 için daireler bulundu.
2024-03-23 15:19:58,709 INFO c.e.c.flatController [http-nio-8080-exec-9] Sayfa 2 için daireler bulundu.
2024-03-23 15:20:09,056 INFO c.e.c.flatController [http-nio-8080-exec-5] Sayfa 2 için daireler bulundu.
2024-03-23 15:20:28,450 INFO c.e.c.flatController [http-nio-8080-exec-3] Sayfa 2 için daireler bulundu.
2024-03-23 15:20:28,970 INFO c.e.c.flatController [http-nio-8080-exec-8] Sayfa 2 için daireler bulundu.
2024-03-23 15:20:33,512 INFO c.e.c.flatController [http-nio-8080-exec-7] Sayfa 2 için daireler bulundu.
2024-03-23 15:20:51,596 INFO c.e.c.flatController [http-nio-8080-exec-2] Sayfa 2 için daireler bulundu.
2024-03-23 15:20:51,827 INFO c.e.c.flatController [http-nio-8080-exec-10] Sayfa 2 için daireler bulundu.
2024-03-23 15:22:09,755 INFO c.e.c.flatController [http-nio-8080-exec-4] Sayfa 2 için daireler bulundu.
2024-03-23 15:22:48,028 INFO c.e.c.flatController [http-nio-8080-exec-6] Sayfa 2 için daireler bulundu.
2024-03-23 15:22:49,196 INFO c.e.c.flatController [http-nio-8080-exec-9] Sayfa 2 için daireler bulundu.
2024-03-23 15:22:59,807 INFO c.e.c.flatController [http-nio-8080-exec-5] Sayfa 1 için daireler bulundu.
2024-03-23 15:23:01,202 INFO c.e.c.flatController [http-nio-8080-exec-3] Sayfa 2 için daireler bulundu.
2024-03-23 15:24:46,110 INFO c.e.c.flatController [http-nio-8080-exec-7] Sayfa 1 için daireler bulundu.
2024-03-23 15:24:57,012 INFO c.e.c.flatController [http-nio-8080-exec-2] Sayfa 1 için daireler bulundu.
2024-03-23 15:25:02,138 INFO c.e.c.flatController [http-nio-8080-exec-10] Sayfa 1 için daireler bulundu.
2024-03-23 15:25:03,790 INFO c.e.c.flatController [http-nio-8080-exec-1] Sayfa 2 için daireler bulundu.
2024-03-23 15:25:04,614 INFO c.e.c.flatController [http-nio-8080-exec-4] Sayfa 1 için daireler bulundu.
2024-03-23 15:25:05,292 INFO c.e.c.flatController [http-nio-8080-exec-6] Sayfa 1 için daireler bulundu.
2024-03-23 15:25:05,851 INFO c.e.c.flatController [http-nio-8080-exec-9] Sayfa 2 için daireler bulundu.
2024-03-23 15:25:06,597 INFO c.e.c.flatController [http-nio-8080-exec-5] Sayfa 1 için daireler bulundu.
2024-03-23 15:33:16,462 INFO c.e.c.flatController [http-nio-8080-exec-8] Sayfa 1 için daireler bulundu.
2024-03-23 15:33:17,385 INFO c.e.c.flatController [http-nio-8080-exec-7] Sayfa 1 için daireler bulundu.
2024-03-23 15:33:17,886 INFO c.e.c.flatController [http-nio-8080-exec-2] Sayfa 1 için daireler bulundu.
2024-03-23 15:33:57,007 INFO c.e.c.flatController [http-nio-8080-exec-10] Sayfa 1 için daireler bulundu.
2024-03-23 15:33:57,036 INFO c.e.c.flatController [http-nio-8080-exec-1] Sayfa 1 için daireler bulundu.
2024-03-23 15:34:00,554 INFO c.e.c.flatController [http-nio-8080-exec-4] Sayfa 1 için daireler bulundu.
2024-03-23 15:34:01,929 INFO c.e.c.flatController [http-nio-8080-exec-6] Sayfa 1 için daireler bulundu.
2024-03-23 15:34:44,771 INFO c.e.c.flatController [http-nio-8080-exec-9] Sayfa 1 için daireler bulundu.
2024-03-23 15:34:44,965 INFO c.e.c.flatController [http-nio-8080-exec-5] Sayfa 1 için daireler bulundu.
2024-03-23 15:34:47,643 INFO c.e.c.flatController [http-nio-8080-exec-3] Sayfa 2 için daireler bulundu.
2024-03-23 15:35:32,663 WARN c.e.c.flatController [http-nio-8080-exec-8] Sayfa 3 için daire bulunamadı.
2024-03-23 15:35:37,084 INFO c.e.c.flatController [http-nio-8080-exec-7] Sayfa 2 için daireler bulundu.
2024-03-23 15:35:37,632 INFO c.e.c.flatController [http-nio-8080-exec-2] Sayfa 1 için daireler bulundu.
2024-03-23 15:35:39,392 INFO c.e.c.flatController [http-nio-8080-exec-10] Sayfa 2 için daireler bulundu.
2024-03-23 15:36:38,026 INFO c.e.c.flatController [http-nio-8080-exec-1] Sayfa 1 için daireler bulundu.
2024-03-23 15:36:38,042 INFO c.e.c.flatController [http-nio-8080-exec-4] Sayfa 1 için daireler bulundu.
2024-03-23 15:36:39,866 INFO c.e.c.flatController [http-nio-8080-exec-6] Sayfa 1 için daireler bulundu.
2024-03-23 15:36:41,208 INFO c.e.c.flatController [http-nio-8080-exec-9] Sayfa 2 için daireler bulundu.
2024-03-23 15:36:41,211 INFO c.e.c.flatController [http-nio-8080-exec-5] Sayfa 1 için daireler bulundu.
2024-03-23 15:36:42,754 INFO c.e.c.flatController [http-nio-8080-exec-3] Sayfa 1 için daireler bulundu.
2024-03-23 15:36:43,664 INFO c.e.c.flatController [http-nio-8080-exec-8] Sayfa 2 için daireler bulundu.
2024-03-23 15:36:43,667 INFO c.e.c.flatController [http-nio-8080-exec-7] Sayfa 1 için daireler bulundu.
2024-03-23 15:36:44,844 INFO c.e.c.flatController [http-nio-8080-exec-2] Sayfa 1 için daireler bulundu.
2024-03-23 15:37:24,517 INFO c.e.c.flatController [http-nio-8080-exec-1] Sayfa 1 için daireler bulundu.
2024-03-23 15:42:36,662 INFO c.e.c.flatController [http-nio-8080-exec-5] Sayfa 1 için daireler bulundu.
2024-03-23 15:42:36,681 INFO c.e.c.flatController [http-nio-8080-exec-3] Sayfa 1 için daireler bulundu.
2024-03-23 15:46:00,063 INFO c.e.c.flatController [http-nio-8080-exec-7] Sayfa 1 için daireler bulundu.
2024-03-23 15:46:00,102 INFO c.e.c.flatController [http-nio-8080-exec-2] Sayfa 1 için daireler bulundu.
2024-03-23 15:46:03,528 INFO c.e.c.flatController [http-nio-8080-exec-10] Sayfa 1 için daireler bulundu.
2024-03-23 15:46:04,813 INFO c.e.c.flatController [http-nio-8080-exec-1] Sayfa 2 için daireler bulundu.
2024-03-23 15:46:06,700 WARN c.e.c.flatController [http-nio-8080-exec-4] Sayfa 3 için daire bulunamadı.
2024-03-23 15:46:08,219 INFO c.e.c.flatController [http-nio-8080-exec-6] Sayfa 2 için daireler bulundu.
2024-03-23 15:46:08,744 INFO c.e.c.flatController [http-nio-8080-exec-9] Sayfa 1 için daireler bulundu.
2024-03-23 15:46:09,973 INFO c.e.c.flatController [http-nio-8080-exec-5] Sayfa 2 için daireler bulundu.
2024-03-23 15:46:12,940 INFO c.e.c.flatController [http-nio-8080-exec-3] Sayfa 1 için daireler bulundu.
2024-03-23 15:46:14,086 INFO c.e.c.flatController [http-nio-8080-exec-8] Sayfa 2 için daireler bulundu.
2024-03-23 15:46:17,167 INFO c.e.c.flatController [http-nio-8080-exec-7] Sayfa 1 için daireler bulundu.
2024-03-23 15:46:17,967 INFO c.e.c.flatController [http-nio-8080-exec-2] Sayfa 2 için daireler bulundu.
2024-03-23 15:46:18,602 INFO c.e.c.flatController [http-nio-8080-exec-10] Sayfa 1 için daireler bulundu.
2024-03-23 15:46:44,710 INFO c.e.c.flatController [http-nio-8080-exec-1] Sayfa 1 için daireler bulundu.
2024-03-23 15:46:44,974 INFO c.e.c.flatController [http-nio-8080-exec-4] Sayfa 1 için daireler bulundu.
2024-03-23 15:46:45,398 INFO c.e.c.flatController [http-nio-8080-exec-6] Sayfa 1 için daireler bulundu.
2024-03-23 15:46:46,361 INFO c.e.c.flatController [http-nio-8080-exec-9] Sayfa 2 için daireler bulundu.
2024-03-23 15:46:48,742 INFO c.e.c.flatController [http-nio-8080-exec-5] Sayfa 1 için daireler bulundu.
2024-03-23 15:46:49,475 INFO c.e.c.flatController [http-nio-8080-exec-3] Sayfa 2 için daireler bulundu.
2024-03-23 15:47:01,222 INFO c.e.c.flatController [http-nio-8080-exec-8] Sayfa 1 için daireler bulundu.
2024-03-23 15:47:01,971 INFO c.e.c.flatController [http-nio-8080-exec-7] Sayfa 1 için daireler bulundu.
2024-03-23 15:47:02,168 INFO c.e.c.flatController [http-nio-8080-exec-2] Sayfa 1 için daireler bulundu.
2024-03-23 15:47:03,105 INFO c.e.c.flatController [http-nio-8080-exec-10] Sayfa 2 için daireler bulundu.
2024-03-23 15:47:04,478 INFO c.e.c.flatController [http-nio-8080-exec-1] Sayfa 1 için daireler bulundu.
2024-03-23 15:47:05,293 INFO c.e.c.flatController [http-nio-8080-exec-4] Sayfa 2 için daireler bulundu.
2024-03-23 15:47:06,074 INFO c.e.c.flatController [http-nio-8080-exec-6] Sayfa 1 için daireler bulundu.
2024-03-23 15:47:06,806 INFO c.e.c.flatController [http-nio-8080-exec-9] Sayfa 2 için daireler bulundu.
2024-03-23 15:47:07,752 INFO c.e.c.flatController [http-nio-8080-exec-5] Sayfa 1 için daireler bulundu.
2024-03-23 15:47:24,749 INFO c.e.c.flatController [http-nio-8080-exec-3] Sayfa 1 için daireler bulundu.
2024-03-23 15:47:24,968 INFO c.e.c.flatController [http-nio-8080-exec-8] Sayfa 1 için daireler bulundu.
2024-03-23 15:47:27,103 INFO c.e.c.flatController [http-nio-8080-exec-7] Sayfa 1 için daireler bulundu.
2024-03-23 15:47:28,052 INFO c.e.c.flatController [http-nio-8080-exec-2] Sayfa 2 için daireler bulundu.
2024-03-23 15:47:28,943 INFO c.e.c.flatController [http-nio-8080-exec-10] Sayfa 1 için daireler bulundu.
2024-03-23 15:47:29,733 INFO c.e.c.flatController [http-nio-8080-exec-1] Sayfa 2 için daireler bulundu.
2024-03-23 15:47:30,256 INFO c.e.c.flatController [http-nio-8080-exec-4] Sayfa 1 için daireler bulundu.
2024-03-23 15:49:48,912 INFO c.e.c.flatController [http-nio-8080-exec-9] Sayfa 1 için daireler bulundu.
2024-03-23 15:49:48,935 INFO c.e.c.flatController [http-nio-8080-exec-5] Sayfa 1 için daireler bulundu.
2024-03-23 15:49:49,206 INFO c.e.c.flatController [http-nio-8080-exec-3] Sayfa 1 için daireler bulundu.
2024-03-23 15:49:50,002 INFO c.e.c.flatController [http-nio-8080-exec-8] Sayfa 1 için daireler bulundu.
2024-03-23 15:49:50,015 INFO c.e.c.flatController [http-nio-8080-exec-7] Sayfa 1 için daireler bulundu.
2024-03-23 15:50:07,896 INFO c.e.c.flatController [http-nio-8080-exec-2] Sayfa 1 için daireler bulundu.
2024-03-23 15:50:08,036 INFO c.e.c.flatController [http-nio-8080-exec-10] Sayfa 1 için daireler bulundu.
2024-03-23 15:50:08,466 INFO c.e.c.flatController [http-nio-8080-exec-1] Sayfa 1 için daireler bulundu.
2024-03-23 15:50:09,035 INFO c.e.c.flatController [http-nio-8080-exec-4] Sayfa 1 için daireler bulundu.
2024-03-23 15:50:20,482 INFO c.e.c.flatController [http-nio-8080-exec-6] Sayfa 1 için daireler bulundu.
2024-03-23 15:50:20,948 INFO c.e.c.flatController [http-nio-8080-exec-9] Sayfa 1 için daireler bulundu.
2024-03-23 15:50:21,341 INFO c.e.c.flatController [http-nio-8080-exec-5] Sayfa 1 için daireler bulundu.
2024-03-23 15:50:22,567 INFO c.e.c.flatController [http-nio-8080-exec-3] Sayfa 2 için daireler bulundu.
2024-03-23 15:50:23,645 WARN c.e.c.flatController [http-nio-8080-exec-8] Sayfa 3 için daire bulunamadı.
2024-03-23 15:50:24,734 INFO c.e.c.flatController [http-nio-8080-exec-7] Sayfa 2 için daireler bulundu.
2024-03-23 15:50:25,227 INFO c.e.c.flatController [http-nio-8080-exec-2] Sayfa 1 için daireler bulundu.
2024-03-23 15:50:26,602 INFO c.e.c.flatController [http-nio-8080-exec-10] Sayfa 2 için daireler bulundu.
2024-03-23 15:50:27,563 INFO c.e.c.flatController [http-nio-8080-exec-1] Sayfa 1 için daireler bulundu.
2024-03-23 15:50:28,327 INFO c.e.c.flatController [http-nio-8080-exec-4] Sayfa 2 için daireler bulundu.
2024-03-23 15:50:29,390 INFO c.e.c.flatController [http-nio-8080-exec-6] Sayfa 1 için daireler bulundu.
2024-03-23 15:51:14,174 INFO c.e.c.flatController [http-nio-8080-exec-5] Sayfa 1 için daireler bulundu.
2024-03-23 15:51:14,315 INFO c.e.c.flatController [http-nio-8080-exec-3] Sayfa 1 için daireler bulundu.
2024-03-23 15:51:15,826 INFO c.e.c.flatController [http-nio-8080-exec-8] Sayfa 1 için daireler bulundu.
2024-03-23 15:51:16,535 INFO c.e.c.flatController [http-nio-8080-exec-7] Sayfa 2 için daireler bulundu.
2024-03-23 15:52:22,034 INFO c.e.c.flatController [http-nio-8080-exec-10] Sayfa 1 için daireler bulundu.
2024-03-23 15:52:22,201 INFO c.e.c.flatController [http-nio-8080-exec-1] Sayfa 1 için daireler bulundu.
2024-03-23 15:52:25,057 INFO c.e.c.flatController [http-nio-8080-exec-4] Sayfa 1 için daireler bulundu.
2024-03-23 15:52:26,143 INFO c.e.c.flatController [http-nio-8080-exec-6] Sayfa 2 için daireler bulundu.
2024-03-23 15:52:26,147 INFO c.e.c.flatController [http-nio-8080-exec-9] Sayfa 1 için daireler bulundu.
2024-03-23 15:52:27,587 INFO c.e.c.flatController [http-nio-8080-exec-5] Sayfa 1 için daireler bulundu.
2024-03-23 15:55:15,052 INFO c.e.c.flatController [http-nio-8080-exec-7] Sayfa 1 için daireler bulundu.
2024-03-23 15:55:15,147 INFO c.e.c.flatController [http-nio-8080-exec-2] Sayfa 1 için daireler bulundu.
2024-03-23 15:55:25,021 INFO c.e.c.flatController [http-nio-8080-exec-10] Sayfa 1 için daireler bulundu.
2024-03-23 15:55:25,133 INFO c.e.c.flatController [http-nio-8080-exec-1] Sayfa 1 için daireler bulundu.
2024-03-23 15:55:27,148 INFO c.e.c.flatController [http-nio-8080-exec-4] Sayfa 1 için daireler bulundu.
2024-03-23 15:55:28,031 INFO c.e.c.flatController [http-nio-8080-exec-6] Sayfa 2 için daireler bulundu.
2024-03-23 15:55:28,036 INFO c.e.c.flatController [http-nio-8080-exec-9] Sayfa 1 için daireler bulundu.
2024-03-23 15:59:48,049 INFO c.e.c.flatController [http-nio-8080-exec-8] Sayfa 1 için daireler bulundu.
2024-03-23 15:59:48,184 INFO c.e.c.flatController [http-nio-8080-exec-7] Sayfa 1 için daireler bulundu.
2024-03-23 15:59:51,391 INFO c.e.c.flatController [http-nio-8080-exec-2] Sayfa 1 için daireler bulundu.
2024-03-23 15:59:53,588 INFO c.e.c.flatController [http-nio-8080-exec-10] Sayfa 2 için daireler bulundu.
2024-03-23 15:59:55,430 INFO c.e.c.flatController [http-nio-8080-exec-1] Sayfa 1 için daireler bulundu.
2024-03-23 15:59:56,518 INFO c.e.c.flatController [http-nio-8080-exec-4] Sayfa 2 için daireler bulundu.
2024-03-23 15:59:57,491 INFO c.e.c.flatController [http-nio-8080-exec-6] Sayfa 1 için daireler bulundu.
2024-03-23 15:59:58,743 INFO c.e.c.flatController [http-nio-8080-exec-9] Sayfa 2 için daireler bulundu.
2024-03-23 15:59:59,912 INFO c.e.c.flatController [http-nio-8080-exec-3] Sayfa 1 için daireler bulundu.
2024-03-23 16:02:02,050 INFO c.e.c.flatController [http-nio-8080-exec-8] Sayfa 1 için daireler bulundu.
2024-03-23 16:02:02,135 INFO c.e.c.flatController [http-nio-8080-exec-7] Sayfa 1 için daireler bulundu.
2024-03-23 16:02:04,692 INFO c.e.c.flatController [http-nio-8080-exec-2] Sayfa 1 için daireler bulundu.
2024-03-23 16:02:08,210 INFO c.e.c.flatController [http-nio-8080-exec-10] Sayfa 2 için daireler bulundu.
2024-03-23 16:02:51,043 INFO c.e.c.flatController [http-nio-8080-exec-1] Sayfa 1 için daireler bulundu.
2024-03-23 16:02:51,148 INFO c.e.c.flatController [http-nio-8080-exec-4] Sayfa 1 için daireler bulundu.
2024-03-23 16:02:53,606 INFO c.e.c.flatController [http-nio-8080-exec-6] Sayfa 1 için daireler bulundu.
2024-03-23 16:02:54,764 INFO c.e.c.flatController [http-nio-8080-exec-9] Sayfa 2 için daireler bulundu.
2024-03-23 16:02:54,771 INFO c.e.c.flatController [http-nio-8080-exec-3] Sayfa 2 için daireler bulundu.
2024-03-23 16:02:55,944 INFO c.e.c.flatController [http-nio-8080-exec-5] Sayfa 1 için daireler bulundu.
2024-03-23 16:02:56,737 INFO c.e.c.flatController [http-nio-8080-exec-8] Sayfa 2 için daireler bulundu.
2024-03-23 16:02:56,743 INFO c.e.c.flatController [http-nio-8080-exec-7] Sayfa 2 için daireler bulundu.
2024-03-23 16:03:03,617 INFO c.e.c.flatController [http-nio-8080-exec-2] Sayfa 1 için daireler bulundu.
2024-03-23 16:03:03,978 INFO c.e.c.flatController [http-nio-8080-exec-10] Sayfa 1 için daireler bulundu.
2024-03-23 16:03:04,312 INFO c.e.c.flatController [http-nio-8080-exec-1] Sayfa 1 için daireler bulundu.
2024-03-23 16:03:05,041 INFO c.e.c.flatController [http-nio-8080-exec-4] Sayfa 2 için daireler bulundu.
2024-03-23 16:03:05,046 INFO c.e.c.flatController [http-nio-8080-exec-6] Sayfa 2 için daireler bulundu.
2024-03-23 16:07:51,172 INFO c.e.c.flatController [http-nio-8080-exec-5] Sayfa 1 için daireler bulundu.
2024-03-23 16:07:52,295 INFO c.e.ApartmanProjectApplication [restartedMain] Starting ApartmanProjectApplication using Java 18.0.2.1 with PID 26256 (C:\Users\olmez\Desktop\ApartmanProject\Backend\target\classes started by olmez in C:\Users\olmez\Desktop\ApartmanProject\Backend)
2024-03-23 16:07:52,295 DEBUG c.e.ApartmanProjectApplication [restartedMain] Running with Spring Boot v3.0.2, Spring v6.0.4
2024-03-23 16:07:52,295 INFO c.e.ApartmanProjectApplication [restartedMain] No active profile set, falling back to 1 default profile: "default"
2024-03-23 16:07:53,635 INFO c.e.ApartmanProjectApplication [restartedMain] Started ApartmanProjectApplication in 1.376 seconds (process running for 5481.448)
2024-03-23 16:07:55,182 INFO c.e.ApartmanProjectApplication [restartedMain] Starting ApartmanProjectApplication using Java 18.0.2.1 with PID 26256 (C:\Users\olmez\Desktop\ApartmanProject\Backend\target\classes started by olmez in C:\Users\olmez\Desktop\ApartmanProject\Backend)
2024-03-23 16:07:55,183 DEBUG c.e.ApartmanProjectApplication [restartedMain] Running with Spring Boot v3.0.2, Spring v6.0.4
2024-03-23 16:07:55,183 INFO c.e.ApartmanProjectApplication [restartedMain] No active profile set, falling back to 1 default profile: "default"
2024-03-23 16:07:55,980 INFO c.e.ApartmanProjectApplication [restartedMain] Started ApartmanProjectApplication in 0.825 seconds (process running for 5483.793)
2024-03-23 16:07:58,645 INFO c.e.c.flatController [http-nio-8080-exec-1] Sayfa 1 için daireler bulundu.
2024-03-23 16:08:00,702 INFO c.e.c.flatController [http-nio-8080-exec-2] Sayfa 2 için daireler bulundu.
2024-03-23 16:08:00,706 INFO c.e.c.flatController [http-nio-8080-exec-3] Sayfa 2 için daireler bulundu.
2024-03-23 16:08:35,813 INFO c.e.c.flatController [http-nio-8080-exec-7] Sayfa 1 için daireler bulundu.
2024-03-23 16:08:36,040 INFO c.e.c.flatController [http-nio-8080-exec-5] Sayfa 1 için daireler bulundu.
2024-03-23 16:08:36,797 INFO c.e.c.flatController [http-nio-8080-exec-10] Sayfa 1 için daireler bulundu.
2024-03-23 16:08:37,550 INFO c.e.c.flatController [http-nio-8080-exec-4] Sayfa 2 için daireler bulundu.
2024-03-23 16:08:37,555 INFO c.e.c.flatController [http-nio-8080-exec-8] Sayfa 2 için daireler bulundu.
2024-03-23 16:08:39,249 INFO c.e.c.flatController [http-nio-8080-exec-9] Sayfa 1 için daireler bulundu.
2024-03-23 16:08:40,308 INFO c.e.c.flatController [http-nio-8080-exec-6] Sayfa 2 için daireler bulundu.
2024-03-23 16:08:40,314 INFO c.e.c.flatController [http-nio-8080-exec-1] Sayfa 2 için daireler bulundu.
2024-03-23 16:08:50,352 INFO c.e.c.flatController [http-nio-8080-exec-3] Flat ID: 52olan daire başarıyla veritabanına kaydedilmiştir.
2024-03-23 16:08:52,999 INFO c.e.c.flatController [http-nio-8080-exec-7] Flat ID: 53olan daire başarıyla veritabanına kaydedilmiştir.
2024-03-23 16:08:55,282 INFO c.e.c.flatController [http-nio-8080-exec-5] Flat ID: 54olan daire başarıyla veritabanına kaydedilmiştir.
2024-03-23 16:08:57,509 INFO c.e.c.flatController [http-nio-8080-exec-10] Flat ID: 55olan daire başarıyla veritabanına kaydedilmiştir.
2024-03-23 16:08:59,882 INFO c.e.c.flatController [http-nio-8080-exec-4] Flat ID: 56olan daire başarıyla veritabanına kaydedilmiştir.
2024-03-23 16:09:02,904 INFO c.e.c.flatController [http-nio-8080-exec-8] Flat ID: 57olan daire başarıyla veritabanına kaydedilmiştir.
2024-03-23 16:09:05,086 INFO c.e.c.flatController [http-nio-8080-exec-9] Sayfa 1 için daireler bulundu.
2024-03-23 16:09:12,145 INFO c.e.c.flatController [http-nio-8080-exec-6] Sayfa 2 için daireler bulundu.
2024-03-23 16:09:12,152 INFO c.e.c.flatController [http-nio-8080-exec-1] Sayfa 2 için daireler bulundu.
2024-03-23 16:10:55,079 INFO c.e.c.flatController [http-nio-8080-exec-5] Sayfa 1 için daireler bulundu.
2024-03-23 16:11:16,353 INFO c.e.c.flatController [http-nio-8080-exec-10] Sayfa 1 için daireler bulundu.
2024-03-23 16:11:16,777 INFO c.e.c.flatController [http-nio-8080-exec-4] Sayfa 2 için daireler bulundu.
2024-03-23 16:11:17,389 INFO c.e.c.flatController [http-nio-8080-exec-8] Sayfa 1 için daireler bulundu.
2024-03-23 16:11:17,793 INFO c.e.c.flatController [http-nio-8080-exec-9] Sayfa 2 için daireler bulundu.
2024-03-23 16:11:19,090 INFO c.e.c.flatController [http-nio-8080-exec-6] Sayfa 3 için daireler bulundu.
2024-03-23 16:11:19,091 INFO c.e.c.flatController [http-nio-8080-exec-1] Sayfa 2 için daireler bulundu.
2024-03-23 16:11:20,016 INFO c.e.c.flatController [http-nio-8080-exec-3] Sayfa 2 için daireler bulundu.
2024-03-23 16:11:20,016 WARN c.e.c.flatController [http-nio-8080-exec-2] Sayfa 4 için daire bulunamadı.
2024-03-23 16:13:07,997 INFO c.e.c.flatController [http-nio-8080-exec-10] Sayfa 1 için daireler bulundu.
2024-03-23 16:13:08,018 INFO c.e.c.flatController [http-nio-8080-exec-4] Sayfa 1 için daireler bulundu.
2024-03-23 16:13:36,965 INFO c.e.c.flatController [http-nio-8080-exec-8] Sayfa 1 için daireler bulundu.
2024-03-23 16:13:36,974 INFO c.e.c.flatController [http-nio-8080-exec-9] Sayfa 1 için daireler bulundu.
2024-03-23 16:14:38,983 INFO c.e.c.flatController [http-nio-8080-exec-2] Sayfa 1 için daireler bulundu.
2024-03-23 16:14:38,983 INFO c.e.c.flatController [http-nio-8080-exec-3] Sayfa 2 için daireler bulundu.
2024-03-23 16:14:38,996 INFO c.e.c.flatController [http-nio-8080-exec-7] Sayfa 2 için daireler bulundu.
2024-03-23 16:14:38,997 INFO c.e.c.flatController [http-nio-8080-exec-5] Sayfa 1 için daireler bulundu.
2024-03-23 16:15:08,961 INFO c.e.c.flatController [http-nio-8080-exec-4] Sayfa 1 için daireler bulundu.
2024-03-23 16:15:08,961 INFO c.e.c.flatController [http-nio-8080-exec-10] Sayfa 2 için daireler bulundu.
2024-03-23 16:15:08,982 INFO c.e.c.flatController [http-nio-8080-exec-8] Sayfa 2 için daireler bulundu.
2024-03-23 16:15:08,982 INFO c.e.c.flatController [http-nio-8080-exec-9] Sayfa 1 için daireler bulundu.
2024-03-23 16:15:10,972 INFO c.e.c.flatController [http-nio-8080-exec-1] Sayfa 2 için daireler bulundu.
2024-03-23 16:15:10,973 INFO c.e.c.flatController [http-nio-8080-exec-6] Sayfa 1 için daireler bulundu.
2024-03-23 16:15:14,494 INFO c.e.c.flatController [http-nio-8080-exec-2] Sayfa 2 için daireler bulundu.
2024-03-23 16:15:14,494 INFO c.e.c.flatController [http-nio-8080-exec-3] Sayfa 1 için daireler bulundu.
2024-03-23 16:16:39,614 INFO c.e.c.flatController [http-nio-8080-exec-10] Sayfa 2 için daireler bulundu.
2024-03-23 16:16:39,621 INFO c.e.c.flatController [http-nio-8080-exec-4] Sayfa 2 için daireler bulundu.
2024-03-23 16:16:40,315 INFO c.e.c.flatController [http-nio-8080-exec-8] Sayfa 1 için daireler bulundu.
2024-03-23 16:16:41,194 INFO c.e.c.flatController [http-nio-8080-exec-9] Sayfa 2 için daireler bulundu.
2024-03-23 16:16:41,201 INFO c.e.c.flatController [http-nio-8080-exec-6] Sayfa 2 için daireler bulundu.
2024-03-23 16:16:41,543 INFO c.e.c.flatController [http-nio-8080-exec-1] Sayfa 3 için daireler bulundu.
2024-03-23 16:16:41,544 INFO c.e.c.flatController [http-nio-8080-exec-2] Sayfa 2 için daireler bulundu.
2024-03-23 16:16:43,045 INFO c.e.c.flatController [http-nio-8080-exec-3] Sayfa 2 için daireler bulundu.
2024-03-23 16:16:43,592 INFO c.e.c.flatController [http-nio-8080-exec-7] Sayfa 3 için daireler bulundu.
2024-03-23 16:16:43,594 INFO c.e.c.flatController [http-nio-8080-exec-5] Sayfa 2 için daireler bulundu.
2024-03-23 16:16:44,124 WARN c.e.c.flatController [http-nio-8080-exec-10] Sayfa 4 için daire bulunamadı.
2024-03-23 16:16:44,124 INFO c.e.c.flatController [http-nio-8080-exec-4] Sayfa 2 için daireler bulundu.
2024-03-23 16:16:44,482 INFO c.e.c.flatController [http-nio-8080-exec-8] Sayfa 3 için daireler bulundu.
2024-03-23 16:16:45,064 INFO c.e.c.flatController [http-nio-8080-exec-9] Sayfa 2 için daireler bulundu.
2024-03-23 16:16:45,644 INFO c.e.c.flatController [http-nio-8080-exec-6] Sayfa 3 için daireler bulundu.
2024-03-23 16:16:45,644 INFO c.e.c.flatController [http-nio-8080-exec-1] Sayfa 2 için daireler bulundu.
2024-03-23 16:16:47,310 INFO c.e.c.flatController [http-nio-8080-exec-2] Sayfa 2 için daireler bulundu.
2024-03-23 16:16:47,850 INFO c.e.c.flatController [http-nio-8080-exec-3] Sayfa 1 için daireler bulundu.
2024-03-23 16:19:15,168 INFO c.e.c.flatController [http-nio-8080-exec-10] Sayfa 2 için daireler bulundu.
2024-03-23 16:19:15,170 INFO c.e.c.flatController [http-nio-8080-exec-4] Sayfa 1 için daireler bulundu.
2024-03-23 16:19:15,306 INFO c.e.c.flatController [http-nio-8080-exec-8] Sayfa 2 için daireler bulundu.
2024-03-23 16:19:15,306 INFO c.e.c.flatController [http-nio-8080-exec-9] Sayfa 1 için daireler bulundu.
2024-03-23 16:20:18,640 INFO c.e.c.flatController [http-nio-8080-exec-2] Sayfa 2 için daireler bulundu.
2024-03-23 16:20:18,643 INFO c.e.c.flatController [http-nio-8080-exec-3] Sayfa 1 için daireler bulundu.
2024-03-23 16:20:18,755 INFO c.e.c.flatController [http-nio-8080-exec-7] Sayfa 2 için daireler bulundu.
2024-03-23 16:20:18,759 INFO c.e.c.flatController [http-nio-8080-exec-5] Sayfa 1 için daireler bulundu.
2024-03-23 16:20:21,530 INFO c.e.c.flatController [http-nio-8080-exec-10] Sayfa 2 için daireler bulundu.
2024-03-23 16:20:21,534 INFO c.e.c.flatController [http-nio-8080-exec-4] Sayfa 1 için daireler bulundu.
2024-03-23 16:20:22,567 INFO c.e.c.flatController [http-nio-8080-exec-8] Sayfa 2 için daireler bulundu.
2024-03-23 16:20:23,241 INFO c.e.c.flatController [http-nio-8080-exec-9] Sayfa 3 için daireler bulundu.
2024-03-23 16:20:25,590 INFO c.e.c.flatController [http-nio-8080-exec-1] Sayfa 1 için daireler bulundu.
2024-03-23 16:20:26,363 INFO c.e.c.flatController [http-nio-8080-exec-6] Sayfa 2 için daireler bulundu.
2024-03-23 16:20:27,059 INFO c.e.c.flatController [http-nio-8080-exec-2] Sayfa 3 için daireler bulundu.
2024-03-23 16:20:33,571 INFO c.e.c.flatController [http-nio-8080-exec-7] Flat ID: 58olan daire başarıyla veritabanına kaydedilmiştir.
2024-03-23 16:20:35,968 INFO c.e.c.flatController [http-nio-8080-exec-5] Sayfa 2 için daireler bulundu.
2024-03-23 16:20:35,969 INFO c.e.c.flatController [http-nio-8080-exec-10] Sayfa 1 için daireler bulundu.
2024-03-23 16:20:37,107 INFO c.e.c.flatController [http-nio-8080-exec-4] Sayfa 4 için daireler bulundu.
2024-03-23 16:20:38,075 INFO c.e.c.flatController [http-nio-8080-exec-8] Sayfa 3 için daireler bulundu.
2024-03-23 16:20:38,925 INFO c.e.c.flatController [http-nio-8080-exec-9] Sayfa 3 için daireler bulundu.
2024-03-23 16:20:39,441 INFO c.e.c.flatController [http-nio-8080-exec-1] Sayfa 2 için daireler bulundu.
2024-03-23 16:20:39,780 INFO c.e.c.flatController [http-nio-8080-exec-6] Sayfa 1 için daireler bulundu.
2024-03-23 16:22:27,331 INFO c.e.c.flatController [http-nio-8080-exec-10] Sayfa 1 için daireler bulundu.
2024-03-23 16:22:27,331 INFO c.e.c.flatController [http-nio-8080-exec-5] Sayfa 2 için daireler bulundu.
2024-03-23 16:22:27,340 INFO c.e.c.flatController [http-nio-8080-exec-8] Sayfa 1 için daireler bulundu.
2024-03-23 16:22:27,340 INFO c.e.c.flatController [http-nio-8080-exec-4] Sayfa 2 için daireler bulundu.
2024-03-23 16:22:28,756 INFO c.e.c.flatController [http-nio-8080-exec-9] Sayfa 2 için daireler bulundu.
2024-03-23 16:22:29,170 INFO c.e.c.flatController [http-nio-8080-exec-1] Sayfa 3 için daireler bulundu.
2024-03-23 16:22:29,536 INFO c.e.c.flatController [http-nio-8080-exec-6] Sayfa 4 için daireler bulundu.
2024-03-23 16:22:30,373 INFO c.e.c.flatController [http-nio-8080-exec-2] Sayfa 1 için daireler bulundu.
2024-03-23 16:22:31,028 INFO c.e.c.flatController [http-nio-8080-exec-3] Sayfa 2 için daireler bulundu.
2024-03-23 16:22:31,507 INFO c.e.c.flatController [http-nio-8080-exec-7] Sayfa 3 için daireler bulundu.
2024-03-23 16:22:31,948 INFO c.e.c.flatController [http-nio-8080-exec-10] Sayfa 4 için daireler bulundu.
2024-03-23 16:24:37,994 INFO c.e.c.flatController [http-nio-8080-exec-9] Sayfa 2 için daireler bulundu.
2024-03-23 16:24:37,996 INFO c.e.c.flatController [http-nio-8080-exec-1] Sayfa 1 için daireler bulundu.
2024-03-23 16:24:38,025 INFO c.e.c.flatController [http-nio-8080-exec-2] Sayfa 1 için daireler bulundu.
2024-03-23 16:24:38,025 INFO c.e.c.flatController [http-nio-8080-exec-6] Sayfa 2 için daireler bulundu.
2024-03-23 16:24:40,639 INFO c.e.c.flatController [http-nio-8080-exec-7] Sayfa 1 için daireler bulundu.
2024-03-23 16:24:40,639 INFO c.e.c.flatController [http-nio-8080-exec-3] Sayfa 2 için daireler bulundu.
2024-03-23 16:24:53,155 INFO c.e.c.flatController [http-nio-8080-exec-5] Sayfa 1 için daireler bulundu.
2024-03-23 16:24:53,155 INFO c.e.c.flatController [http-nio-8080-exec-10] Sayfa 2 için daireler bulundu.
2024-03-23 16:24:53,922 INFO c.e.c.flatController [http-nio-8080-exec-8] Sayfa 1 için daireler bulundu.
2024-03-23 16:24:53,922 INFO c.e.c.flatController [http-nio-8080-exec-4] Sayfa 2 için daireler bulundu.
2024-03-23 16:24:59,461 INFO c.e.c.flatController [http-nio-8080-exec-1] Sayfa 2 için daireler bulundu.
2024-03-23 16:24:59,461 INFO c.e.c.flatController [http-nio-8080-exec-9] Sayfa 1 için daireler bulundu.
2024-03-23 16:24:59,932 INFO c.e.c.flatController [http-nio-8080-exec-6] Sayfa 2 için daireler bulundu.
2024-03-23 16:24:59,932 INFO c.e.c.flatController [http-nio-8080-exec-2] Sayfa 1 için daireler bulundu.
2024-03-23 16:25:00,224 INFO c.e.c.flatController [http-nio-8080-exec-3] Sayfa 2 için daireler bulundu.
2024-03-23 16:25:00,224 INFO c.e.c.flatController [http-nio-8080-exec-7] Sayfa 1 için daireler bulundu.
2024-03-23 16:25:28,918 INFO c.e.c.flatController [http-nio-8080-exec-10] Sayfa 2 için daireler bulundu.
2024-03-23 16:25:28,918 INFO c.e.c.flatController [http-nio-8080-exec-5] Sayfa 1 için daireler bulundu.
2024-03-23 16:25:29,503 INFO c.e.c.flatController [http-nio-8080-exec-8] Sayfa 2 için daireler bulundu.
2024-03-23 16:25:29,503 INFO c.e.c.flatController [http-nio-8080-exec-4] Sayfa 1 için daireler bulundu.
2024-03-23 16:25:52,945 INFO c.e.c.flatController [http-nio-8080-exec-9] Sayfa 2 için daireler bulundu.
2024-03-23 16:25:52,945 INFO c.e.c.flatController [http-nio-8080-exec-1] Sayfa 1 için daireler bulundu.
2024-03-23 16:25:52,975 INFO c.e.c.flatController [http-nio-8080-exec-6] Sayfa 2 için daireler bulundu.
2024-03-23 16:25:52,975 INFO c.e.c.flatController [http-nio-8080-exec-2] Sayfa 1 için daireler bulundu.
2024-03-23 16:25:54,135 INFO c.e.c.flatController [http-nio-8080-exec-7] Sayfa 1 için daireler bulundu.
2024-03-23 16:25:54,135 INFO c.e.c.flatController [http-nio-8080-exec-3] Sayfa 2 için daireler bulundu.
2024-03-23 16:25:54,603 INFO c.e.c.flatController [http-nio-8080-exec-5] Sayfa 2 için daireler bulundu.
2024-03-23 16:25:54,603 INFO c.e.c.flatController [http-nio-8080-exec-10] Sayfa 1 için daireler bulundu.
2024-03-23 16:25:55,101 INFO c.e.c.flatController [http-nio-8080-exec-4] Sayfa 1 için daireler bulundu.
2024-03-23 16:25:55,101 INFO c.e.c.flatController [http-nio-8080-exec-8] Sayfa 2 için daireler bulundu.
2024-03-23 16:25:55,472 INFO c.e.c.flatController [http-nio-8080-exec-1] Sayfa 1 için daireler bulundu.
2024-03-23 16:25:55,472 INFO c.e.c.flatController [http-nio-8080-exec-9] Sayfa 2 için daireler bulundu.
2024-03-23 16:26:34,973 INFO c.e.c.flatController [http-nio-8080-exec-2] Sayfa 1 için daireler bulundu.
2024-03-23 16:26:34,973 INFO c.e.c.flatController [http-nio-8080-exec-6] Sayfa 2 için daireler bulundu.
2024-03-23 16:26:34,997 INFO c.e.c.flatController [http-nio-8080-exec-3] Sayfa 1 için daireler bulundu.
2024-03-23 16:26:34,997 INFO c.e.c.flatController [http-nio-8080-exec-7] Sayfa 2 için daireler bulundu.
2024-03-23 16:26:35,950 INFO c.e.c.flatController [http-nio-8080-exec-5] Sayfa 1 için daireler bulundu.
2024-03-23 16:26:35,950 INFO c.e.c.flatController [http-nio-8080-exec-10] Sayfa 2 için daireler bulundu.
2024-03-23 16:27:25,995 INFO c.e.c.flatController [http-nio-8080-exec-4] Sayfa 2 için daireler bulundu.
2024-03-23 16:27:25,995 INFO c.e.c.flatController [http-nio-8080-exec-8] Sayfa 1 için daireler bulundu.
2024-03-23 16:27:26,017 INFO c.e.c.flatController [http-nio-8080-exec-9] Sayfa 2 için daireler bulundu.
2024-03-23 16:27:26,017 INFO c.e.c.flatController [http-nio-8080-exec-1] Sayfa 1 için daireler bulundu.
2024-03-23 16:27:27,215 INFO c.e.c.flatController [http-nio-8080-exec-6] Sayfa 2 için daireler bulundu.
2024-03-23 16:27:27,215 INFO c.e.c.flatController [http-nio-8080-exec-2] Sayfa 1 için daireler bulundu.
2024-03-23 16:28:27,061 INFO c.e.c.flatController [http-nio-8080-exec-3] Sayfa 2 için daireler bulundu.
2024-03-23 16:28:27,061 INFO c.e.c.flatController [http-nio-8080-exec-7] Sayfa 1 için daireler bulundu.
2024-03-23 16:28:27,085 INFO c.e.c.flatController [http-nio-8080-exec-10] Sayfa 2 için daireler bulundu.
2024-03-23 16:28:27,085 INFO c.e.c.flatController [http-nio-8080-exec-5] Sayfa 1 için daireler bulundu.
2024-03-23 16:28:27,929 INFO c.e.c.flatController [http-nio-8080-exec-8] Sayfa 2 için daireler bulundu.
2024-03-23 16:28:27,929 INFO c.e.c.flatController [http-nio-8080-exec-4] Sayfa 1 için daireler bulundu.
2024-03-23 16:28:27,940 INFO c.e.c.flatController [http-nio-8080-exec-9] Sayfa 2 için daireler bulundu.
2024-03-23 16:28:27,940 INFO c.e.c.flatController [http-nio-8080-exec-1] Sayfa 1 için daireler bulundu.
2024-03-23 16:28:28,572 INFO c.e.c.flatController [http-nio-8080-exec-2] Sayfa 2 için daireler bulundu.
2024-03-23 16:28:28,572 INFO c.e.c.flatController [http-nio-8080-exec-6] Sayfa 1 için daireler bulundu.
2024-03-23 16:28:29,185 INFO c.e.c.flatController [http-nio-8080-exec-7] Sayfa 2 için daireler bulundu.
2024-03-23 16:28:29,185 INFO c.e.c.flatController [http-nio-8080-exec-3] Sayfa 1 için daireler bulundu.
2024-03-23 16:29:11,842 INFO c.e.c.flatController [http-nio-8080-exec-10] Sayfa 2 için daireler bulundu.
2024-03-23 16:29:11,847 INFO c.e.c.flatController [http-nio-8080-exec-5] Sayfa 1 için daireler bulundu.
2024-03-23 16:29:12,103 INFO c.e.c.flatController [http-nio-8080-exec-4] Sayfa 1 için daireler bulundu.
2024-03-23 16:29:12,103 INFO c.e.c.flatController [http-nio-8080-exec-8] Sayfa 2 için daireler bulundu.
2024-03-23 16:29:12,114 INFO c.e.c.flatController [http-nio-8080-exec-9] Sayfa 1 için daireler bulundu.
2024-03-23 16:29:12,115 INFO c.e.c.flatController [http-nio-8080-exec-1] Sayfa 2 için daireler bulundu.
2024-03-23 16:29:22,202 INFO c.e.c.flatController [http-nio-8080-exec-6] Sayfa 2 için daireler bulundu.
2024-03-23 16:29:22,202 INFO c.e.c.flatController [http-nio-8080-exec-2] Sayfa 1 için daireler bulundu.
2024-03-23 16:29:22,589 INFO c.e.c.flatController [http-nio-8080-exec-3] Sayfa 2 için daireler bulundu.
2024-03-23 16:29:22,589 INFO c.e.c.flatController [http-nio-8080-exec-7] Sayfa 1 için daireler bulundu.
2024-03-23 16:29:23,039 INFO c.e.c.flatController [http-nio-8080-exec-5] Sayfa 1 için daireler bulundu.
2024-03-23 16:29:23,039 INFO c.e.c.flatController [http-nio-8080-exec-10] Sayfa 2 için daireler bulundu.
2024-03-23 16:29:45,525 INFO c.e.c.flatController [http-nio-8080-exec-8] Sayfa 2 için daireler bulundu.
2024-03-23 16:29:45,525 INFO c.e.c.flatController [http-nio-8080-exec-4] Sayfa 1 için daireler bulundu.
2024-03-23 16:29:46,073 INFO c.e.c.flatController [http-nio-8080-exec-1] Sayfa 2 için daireler bulundu.
2024-03-23 16:29:46,076 INFO c.e.c.flatController [http-nio-8080-exec-9] Sayfa 1 için daireler bulundu.
2024-03-23 16:29:46,123 INFO c.e.c.flatController [http-nio-8080-exec-2] Sayfa 2 için daireler bulundu.
2024-03-23 16:29:46,123 INFO c.e.c.flatController [http-nio-8080-exec-6] Sayfa 1 için daireler bulundu.
2024-03-23 16:31:14,050 INFO c.e.c.flatController [http-nio-8080-exec-4] Sayfa 2 için daireler bulundu.
2024-03-23 16:31:14,051 INFO c.e.c.flatController [http-nio-8080-exec-8] Sayfa 1 için daireler bulundu.
2024-03-23 16:31:14,176 INFO c.e.c.flatController [http-nio-8080-exec-1] Sayfa 2 için daireler bulundu.
2024-03-23 16:31:14,181 INFO c.e.c.flatController [http-nio-8080-exec-9] Sayfa 1 için daireler bulundu.
2024-03-23 16:31:19,965 INFO c.e.c.flatController [http-nio-8080-exec-6] Sayfa 2 için daireler bulundu.
2024-03-23 16:31:19,965 INFO c.e.c.flatController [http-nio-8080-exec-2] Sayfa 1 için daireler bulundu.
2024-03-23 16:31:20,103 INFO c.e.c.flatController [http-nio-8080-exec-7] Sayfa 2 için daireler bulundu.
2024-03-23 16:31:20,107 INFO c.e.c.flatController [http-nio-8080-exec-3] Sayfa 1 için daireler bulundu.
2024-03-23 16:31:41,008 INFO c.e.c.flatController [http-nio-8080-exec-5] Sayfa 2 için daireler bulundu.
2024-03-23 16:31:41,008 INFO c.e.c.flatController [http-nio-8080-exec-10] Sayfa 1 için daireler bulundu.
2024-03-23 16:31:41,114 INFO c.e.c.flatController [http-nio-8080-exec-4] Sayfa 2 için daireler bulundu.
2024-03-23 16:31:41,126 INFO c.e.c.flatController [http-nio-8080-exec-8] Sayfa 1 için daireler bulundu.
2024-03-23 16:31:47,981 INFO c.e.c.flatController [http-nio-8080-exec-1] Sayfa 2 için daireler bulundu.
2024-03-23 16:31:47,981 INFO c.e.c.flatController [http-nio-8080-exec-9] Sayfa 1 için daireler bulundu.
2024-03-23 16:31:48,094 INFO c.e.c.flatController [http-nio-8080-exec-6] Sayfa 2 için daireler bulundu.
2024-03-23 16:31:48,097 INFO c.e.c.flatController [http-nio-8080-exec-2] Sayfa 1 için daireler bulundu.
2024-03-23 16:31:48,865 INFO c.e.c.flatController [http-nio-8080-exec-3] Sayfa 1 için daireler bulundu.
2024-03-23 16:31:48,865 INFO c.e.c.flatController [http-nio-8080-exec-7] Sayfa 2 için daireler bulundu.
2024-03-23 16:31:50,667 INFO c.e.c.flatController [http-nio-8080-exec-10] Sayfa 4 için daireler bulundu.
2024-03-23 16:31:51,710 INFO c.e.c.flatController [http-nio-8080-exec-5] Sayfa 3 için daireler bulundu.
2024-03-23 16:32:40,495 INFO c.e.c.flatController [http-nio-8080-exec-8] Sayfa 1 için daireler bulundu.
2024-03-23 16:32:40,495 INFO c.e.c.flatController [http-nio-8080-exec-4] Sayfa 2 için daireler bulundu.
2024-03-23 16:32:40,731 INFO c.e.c.flatController [http-nio-8080-exec-1] Sayfa 1 için daireler bulundu.
2024-03-23 16:32:40,731 INFO c.e.c.flatController [http-nio-8080-exec-9] Sayfa 2 için daireler bulundu.
2024-03-23 16:32:41,093 INFO c.e.c.flatController [http-nio-8080-exec-6] Sayfa 2 için daireler bulundu.
2024-03-23 16:32:41,094 INFO c.e.c.flatController [http-nio-8080-exec-2] Sayfa 1 için daireler bulundu.
2024-03-23 16:32:45,056 INFO c.e.c.flatController [http-nio-8080-exec-7] Sayfa 1 için daireler bulundu.
2024-03-23 16:32:45,056 INFO c.e.c.flatController [http-nio-8080-exec-3] Sayfa 2 için daireler bulundu.
2024-03-23 16:32:46,078 INFO c.e.c.flatController [http-nio-8080-exec-10] Sayfa 2 için daireler bulundu.
2024-03-23 16:32:46,081 INFO c.e.c.flatController [http-nio-8080-exec-5] Sayfa 1 için daireler bulundu.
2024-03-23 16:32:47,714 INFO c.e.c.flatController [http-nio-8080-exec-4] Sayfa 4 için daireler bulundu.
2024-03-23 16:32:49,208 INFO c.e.c.flatController [http-nio-8080-exec-8] Sayfa 1 için daireler bulundu.
2024-03-23 16:32:50,143 INFO c.e.c.flatController [http-nio-8080-exec-9] Sayfa 4 için daireler bulundu.
2024-03-23 16:32:53,089 INFO c.e.c.flatController [http-nio-8080-exec-1] Sayfa 3 için daireler bulundu.
2024-03-23 16:32:54,237 INFO c.e.c.flatController [http-nio-8080-exec-6] Sayfa 4 için daireler bulundu.
2024-03-23 16:32:54,239 INFO c.e.c.flatController [http-nio-8080-exec-2] Sayfa 2 için daireler bulundu.
2024-03-23 16:32:55,987 INFO c.e.c.flatController [http-nio-8080-exec-3] Sayfa 1 için daireler bulundu.
2024-03-23 16:32:56,841 INFO c.e.c.flatController [http-nio-8080-exec-7] Sayfa 2 için daireler bulundu.
2024-03-23 16:32:56,848 INFO c.e.c.flatController [http-nio-8080-exec-10] Sayfa 2 için daireler bulundu.
2024-03-23 16:32:57,272 INFO c.e.c.flatController [http-nio-8080-exec-4] Sayfa 2 için daireler bulundu.
2024-03-23 16:32:57,272 INFO c.e.c.flatController [http-nio-8080-exec-5] Sayfa 3 için daireler bulundu.
2024-03-23 16:32:58,083 INFO c.e.c.flatController [http-nio-8080-exec-8] Sayfa 4 için daireler bulundu.
2024-03-23 16:32:58,085 INFO c.e.c.flatController [http-nio-8080-exec-9] Sayfa 2 için daireler bulundu.
2024-03-23 16:33:05,626 INFO c.e.c.flatController [http-nio-8080-exec-1] Sayfa 1 için daireler bulundu.
2024-03-23 16:33:17,850 INFO c.e.c.flatController [http-nio-8080-exec-6] Sayfa 2 için daireler bulundu.
2024-03-23 16:33:17,850 INFO c.e.c.flatController [http-nio-8080-exec-2] Sayfa 1 için daireler bulundu.
2024-03-23 16:33:18,068 INFO c.e.c.flatController [http-nio-8080-exec-3] Sayfa 2 için daireler bulundu.
2024-03-23 16:33:18,073 INFO c.e.c.flatController [http-nio-8080-exec-7] Sayfa 1 için daireler bulundu.
2024-03-23 16:33:18,105 INFO c.e.c.flatController [http-nio-8080-exec-5] Sayfa 1 için daireler bulundu.
2024-03-23 16:33:18,105 INFO c.e.c.flatController [http-nio-8080-exec-10] Sayfa 2 için daireler bulundu.
2024-03-23 16:33:22,835 INFO c.e.c.flatController [http-nio-8080-exec-8] Sayfa 1 için daireler bulundu.
2024-03-23 16:33:22,835 INFO c.e.c.flatController [http-nio-8080-exec-4] Sayfa 2 için daireler bulundu.
2024-03-23 16:33:23,065 INFO c.e.c.flatController [http-nio-8080-exec-9] Sayfa 2 için daireler bulundu.
2024-03-23 16:33:23,067 INFO c.e.c.flatController [http-nio-8080-exec-1] Sayfa 1 için daireler bulundu.
2024-03-23 16:33:23,958 INFO c.e.c.flatController [http-nio-8080-exec-6] Sayfa 2 için daireler bulundu.
2024-03-23 16:33:23,958 INFO c.e.c.flatController [http-nio-8080-exec-2] Sayfa 1 için daireler bulundu.
2024-03-23 16:33:25,206 INFO c.e.c.flatController [http-nio-8080-exec-3] Sayfa 1 için daireler bulundu.
2024-03-23 16:33:26,010 INFO c.e.c.flatController [http-nio-8080-exec-7] Sayfa 1 için daireler bulundu.
2024-03-23 16:33:26,542 INFO c.e.c.flatController [http-nio-8080-exec-10] Sayfa 2 için daireler bulundu.
2024-03-23 16:33:27,079 INFO c.e.c.flatController [http-nio-8080-exec-5] Sayfa 3 için daireler bulundu.
2024-03-23 16:33:27,729 INFO c.e.c.flatController [http-nio-8080-exec-4] Sayfa 4 için daireler bulundu.
2024-03-23 16:33:29,049 INFO c.e.c.flatController [http-nio-8080-exec-8] Sayfa 1 için daireler bulundu.
2024-03-23 16:33:29,442 INFO c.e.c.flatController [http-nio-8080-exec-9] Sayfa 1 için daireler bulundu.
2024-03-23 16:33:30,332 INFO c.e.c.flatController [http-nio-8080-exec-1] Sayfa 1 için daireler bulundu.
2024-03-23 16:33:30,604 INFO c.e.c.flatController [http-nio-8080-exec-2] Sayfa 1 için daireler bulundu.
2024-03-23 16:33:30,925 INFO c.e.c.flatController [http-nio-8080-exec-6] Sayfa 1 için daireler bulundu.
2024-03-23 16:33:31,154 INFO c.e.c.flatController [http-nio-8080-exec-3] Sayfa 1 için daireler bulundu.
2024-03-23 16:33:32,183 INFO c.e.c.flatController [http-nio-8080-exec-7] Sayfa 1 için daireler bulundu.
2024-03-23 16:33:32,898 INFO c.e.c.flatController [http-nio-8080-exec-10] Sayfa 1 için daireler bulundu.
2024-03-23 16:33:35,360 INFO c.e.c.flatController [http-nio-8080-exec-5] Sayfa 2 için daireler bulundu.
2024-03-23 16:33:35,360 INFO c.e.c.flatController [http-nio-8080-exec-4] Sayfa 1 için daireler bulundu.
2024-03-23 16:33:53,831 INFO c.e.c.flatController [http-nio-8080-exec-8] Sayfa 2 için daireler bulundu.
2024-03-23 16:33:53,838 INFO c.e.c.flatController [http-nio-8080-exec-9] Sayfa 2 için daireler bulundu.
2024-03-23 16:33:55,587 INFO c.e.c.flatController [http-nio-8080-exec-2] Sayfa 2 için daireler bulundu.
2024-03-23 16:33:55,587 INFO c.e.c.flatController [http-nio-8080-exec-1] Sayfa 3 için daireler bulundu.
2024-03-23 16:36:53,459 INFO c.e.ApartmanProjectApplication [restartedMain] Starting ApartmanProjectApplication using Java 18.0.2.1 with PID 26256 (C:\Users\olmez\Desktop\ApartmanProject\Backend\target\classes started by olmez in C:\Users\olmez\Desktop\ApartmanProject\Backend)
2024-03-23 16:36:53,459 DEBUG c.e.ApartmanProjectApplication [restartedMain] Running with Spring Boot v3.0.2, Spring v6.0.4
2024-03-23 16:36:53,459 INFO c.e.ApartmanProjectApplication [restartedMain] No active profile set, falling back to 1 default profile: "default"
2024-03-23 16:36:54,294 INFO c.e.ApartmanProjectApplication [restartedMain] Started ApartmanProjectApplication in 0.863 seconds (process running for 7222.107)
2024-03-23 16:38:11,359 INFO c.e.ApartmanProjectApplication [restartedMain] Starting ApartmanProjectApplication using Java 18.0.2.1 with PID 26256 (C:\Users\olmez\Desktop\ApartmanProject\Backend\target\classes started by olmez in C:\Users\olmez\Desktop\ApartmanProject\Backend)
2024-03-23 16:38:11,359 DEBUG c.e.ApartmanProjectApplication [restartedMain] Running with Spring Boot v3.0.2, Spring v6.0.4
2024-03-23 16:38:11,359 INFO c.e.ApartmanProjectApplication [restartedMain] No active profile set, falling back to 1 default profile: "default"
2024-03-23 16:38:12,205 INFO c.e.ApartmanProjectApplication [restartedMain] Started ApartmanProjectApplication in 0.873 seconds (process running for 7300.018)
2024-03-23 16:38:21,641 INFO c.e.c.flatController [http-nio-8080-exec-2] Sayfa 1 için daireler bulundu.
2024-03-23 16:38:26,582 INFO c.e.c.flatController [http-nio-8080-exec-3] Sayfa 1 için daireler bulundu.
2024-03-23 16:38:26,588 INFO c.e.c.flatController [http-nio-8080-exec-4] Sayfa 1 için daireler bulundu.
2024-03-23 16:38:27,905 INFO c.e.c.flatController [http-nio-8080-exec-5] Sayfa 1 için daireler bulundu.
2024-03-23 16:38:29,856 INFO c.e.c.flatController [http-nio-8080-exec-6] Sayfa 1 için daireler bulundu.
2024-03-23 16:38:31,311 INFO c.e.c.flatController [http-nio-8080-exec-7] Sayfa 1 için daireler bulundu.
2024-03-23 16:38:33,284 INFO c.e.c.flatController [http-nio-8080-exec-8] Sayfa 1 için daireler bulundu.
2024-03-23 16:38:34,187 INFO c.e.c.flatController [http-nio-8080-exec-10] Sayfa 1 için daireler bulundu.
2024-03-23 16:38:34,587 INFO c.e.c.flatController [http-nio-8080-exec-1] Sayfa 1 için daireler bulundu.
2024-03-23 16:38:34,921 INFO c.e.c.flatController [http-nio-8080-exec-2] Sayfa 1 için daireler bulundu.
2024-03-23 16:38:35,290 INFO c.e.c.flatController [http-nio-8080-exec-3] Sayfa 1 için daireler bulundu.
2024-03-23 16:38:35,675 INFO c.e.c.flatController [http-nio-8080-exec-4] Sayfa 1 için daireler bulundu.
2024-03-23 16:38:35,874 INFO c.e.c.flatController [http-nio-8080-exec-5] Sayfa 1 için daireler bulundu.
2024-03-23 16:38:36,234 INFO c.e.c.flatController [http-nio-8080-exec-6] Sayfa 1 için daireler bulundu.
2024-03-23 16:38:36,390 INFO c.e.c.flatController [http-nio-8080-exec-7] Sayfa 1 için daireler bulundu.
2024-03-23 16:38:36,707 INFO c.e.c.flatController [http-nio-8080-exec-9] Sayfa 1 için daireler bulundu.
2024-03-23 16:38:36,836 INFO c.e.c.flatController [http-nio-8080-exec-8] Sayfa 1 için daireler bulundu.
2024-03-23 16:38:37,117 INFO c.e.c.flatController [http-nio-8080-exec-10] Sayfa 1 için daireler bulundu.
