2024-03-23 16:38:37,250 INFO c.e.c.flatController [http-nio-8080-exec-1] Sayfa 1 için daireler bulundu.
2024-03-23 16:38:51,320 INFO c.e.c.flatController [http-nio-8080-exec-2] Sayfa 1 için daireler bulundu.
2024-03-23 16:38:51,326 INFO c.e.c.flatController [http-nio-8080-exec-3] Sayfa 1 için daireler bulundu.
2024-03-23 16:38:52,217 INFO c.e.c.flatController [http-nio-8080-exec-4] Sayfa 1 için daireler bulundu.
2024-03-23 16:38:52,224 INFO c.e.c.flatController [http-nio-8080-exec-5] Sayfa 1 için daireler bulundu.
2024-03-23 16:38:53,540 INFO c.e.c.flatController [http-nio-8080-exec-6] Sayfa 1 için daireler bulundu.
2024-03-23 16:38:54,298 INFO c.e.c.flatController [http-nio-8080-exec-7] Sayfa 1 için daireler bulundu.
2024-03-23 16:38:54,806 INFO c.e.c.flatController [http-nio-8080-exec-9] Sayfa 1 için daireler bulundu.
2024-03-23 16:39:22,875 INFO c.e.c.flatController [http-nio-8080-exec-1] Sayfa 1 için daireler bulundu.
2024-03-23 16:39:57,478 INFO c.e.ApartmanProjectApplication [restartedMain] Starting ApartmanProjectApplication using Java 18.0.2.1 with PID 26256 (C:\Users\olmez\Desktop\ApartmanProject\Backend\target\classes started by olmez in C:\Users\olmez\Desktop\ApartmanProject\Backend)
2024-03-23 16:39:57,478 DEBUG c.e.ApartmanProjectApplication [restartedMain] Running with Spring Boot v3.0.2, Spring v6.0.4
2024-03-23 16:39:57,478 INFO c.e.ApartmanProjectApplication [restartedMain] No active profile set, falling back to 1 default profile: "default"
2024-03-23 16:39:58,579 INFO c.e.ApartmanProjectApplication [restartedMain] Started ApartmanProjectApplication in 1.138 seconds (process running for 7406.392)
2024-03-23 16:40:00,147 INFO c.e.ApartmanProjectApplication [restartedMain] Starting ApartmanProjectApplication using Java 18.0.2.1 with PID 26256 (C:\Users\olmez\Desktop\ApartmanProject\Backend\target\classes started by olmez in C:\Users\olmez\Desktop\ApartmanProject\Backend)
2024-03-23 16:40:00,147 DEBUG c.e.ApartmanProjectApplication [restartedMain] Running with Spring Boot v3.0.2, Spring v6.0.4
2024-03-23 16:40:00,147 INFO c.e.ApartmanProjectApplication [restartedMain] No active profile set, falling back to 1 default profile: "default"
2024-03-23 16:40:00,944 INFO c.e.ApartmanProjectApplication [restartedMain] Started ApartmanProjectApplication in 0.818 seconds (process running for 7408.756)
2024-03-23 16:41:23,769 INFO c.e.ApartmanProjectApplication [restartedMain] Starting ApartmanProjectApplication using Java 18.0.2.1 with PID 26256 (C:\Users\olmez\Desktop\ApartmanProject\Backend\target\classes started by olmez in C:\Users\olmez\Desktop\ApartmanProject\Backend)
2024-03-23 16:41:23,769 DEBUG c.e.ApartmanProjectApplication [restartedMain] Running with Spring Boot v3.0.2, Spring v6.0.4
2024-03-23 16:41:23,769 INFO c.e.ApartmanProjectApplication [restartedMain] No active profile set, falling back to 1 default profile: "default"
2024-03-23 16:41:24,795 INFO c.e.ApartmanProjectApplication [restartedMain] Started ApartmanProjectApplication in 1.06 seconds (process running for 7492.607)
2024-03-23 16:41:26,325 INFO c.e.ApartmanProjectApplication [restartedMain] Starting ApartmanProjectApplication using Java 18.0.2.1 with PID 26256 (C:\Users\olmez\Desktop\ApartmanProject\Backend\target\classes started by olmez in C:\Users\olmez\Desktop\ApartmanProject\Backend)
2024-03-23 16:41:26,325 DEBUG c.e.ApartmanProjectApplication [restartedMain] Running with Spring Boot v3.0.2, Spring v6.0.4
2024-03-23 16:41:26,325 INFO c.e.ApartmanProjectApplication [restartedMain] No active profile set, falling back to 1 default profile: "default"
2024-03-23 16:41:27,072 INFO c.e.ApartmanProjectApplication [restartedMain] Started ApartmanProjectApplication in 0.771 seconds (process running for 7494.884)
2024-03-23 16:41:30,927 INFO c.e.c.flatController [http-nio-8080-exec-2] Sayfa 1 için daireler bulundu.
2024-03-23 16:41:34,826 INFO c.e.c.flatController [http-nio-8080-exec-4] Sayfa 1 için daireler bulundu.
2024-03-23 16:41:34,826 INFO c.e.c.flatController [http-nio-8080-exec-3] Sayfa 2 için daireler bulundu.
2024-03-23 16:41:35,790 INFO c.e.c.flatController [http-nio-8080-exec-5] Sayfa 2 için daireler bulundu.
2024-03-23 16:41:36,471 INFO c.e.c.flatController [http-nio-8080-exec-6] Sayfa 3 için daireler bulundu.
2024-03-23 16:41:37,101 INFO c.e.c.flatController [http-nio-8080-exec-7] Sayfa 4 için daireler bulundu.
2024-03-23 16:41:39,207 INFO c.e.c.flatController [http-nio-8080-exec-8] Sayfa 1 için daireler bulundu.
2024-03-23 16:41:39,754 INFO c.e.c.flatController [http-nio-8080-exec-9] Sayfa 1 için daireler bulundu.
2024-03-23 16:42:14,956 INFO c.e.c.flatController [http-nio-8080-exec-1] Sayfa 1 için daireler bulundu.
2024-03-23 16:42:14,956 INFO c.e.c.flatController [http-nio-8080-exec-10] Sayfa 2 için daireler bulundu.
2024-03-23 16:42:16,610 INFO c.e.c.flatController [http-nio-8080-exec-2] Sayfa 1 için daireler bulundu.
2024-03-23 16:42:17,258 INFO c.e.c.flatController [http-nio-8080-exec-4] Sayfa 2 için daireler bulundu.
2024-03-23 16:42:17,782 INFO c.e.c.flatController [http-nio-8080-exec-3] Sayfa 3 için daireler bulundu.
2024-03-23 16:42:18,210 INFO c.e.c.flatController [http-nio-8080-exec-5] Sayfa 4 için daireler bulundu.
2024-03-23 16:42:18,757 WARN c.e.c.flatController [http-nio-8080-exec-6] Sayfa 5 için daire bulunamadı.
2024-03-23 16:42:18,757 INFO c.e.c.flatController [http-nio-8080-exec-7] Sayfa 1 için daireler bulundu.
2024-03-23 16:42:48,315 INFO c.e.c.flatController [http-nio-8080-exec-9] Sayfa 4 için daireler bulundu.
2024-03-23 16:42:49,051 INFO c.e.c.flatController [http-nio-8080-exec-10] Sayfa 3 için daireler bulundu.
2024-03-23 16:42:50,185 INFO c.e.c.flatController [http-nio-8080-exec-1] Sayfa 4 için daireler bulundu.
2024-03-23 16:42:51,225 INFO c.e.c.flatController [http-nio-8080-exec-2] Sayfa 3 için daireler bulundu.
2024-03-23 16:42:51,723 INFO c.e.c.flatController [http-nio-8080-exec-4] Sayfa 1 için daireler bulundu.
2024-03-23 16:42:53,280 INFO c.e.c.flatController [http-nio-8080-exec-3] Sayfa 2 için daireler bulundu.
2024-03-23 16:42:53,280 INFO c.e.c.flatController [http-nio-8080-exec-5] Sayfa 1 için daireler bulundu.
2024-03-23 16:42:53,635 INFO c.e.c.flatController [http-nio-8080-exec-7] Sayfa 1 için daireler bulundu.
2024-03-23 16:42:53,635 INFO c.e.c.flatController [http-nio-8080-exec-6] Sayfa 3 için daireler bulundu.
2024-03-23 16:42:54,140 INFO c.e.c.flatController [http-nio-8080-exec-8] Sayfa 4 için daireler bulundu.
2024-03-23 16:42:54,142 INFO c.e.c.flatController [http-nio-8080-exec-9] Sayfa 1 için daireler bulundu.
2024-03-23 16:43:13,029 INFO c.e.c.flatController [http-nio-8080-exec-10] Sayfa 1 için daireler bulundu.
2024-03-23 16:43:13,485 INFO c.e.c.flatController [http-nio-8080-exec-1] Sayfa 1 için daireler bulundu.
2024-03-23 16:45:54,923 INFO c.e.ApartmanProjectApplication [restartedMain] Starting ApartmanProjectApplication using Java 18.0.2.1 with PID 26256 (C:\Users\olmez\Desktop\ApartmanProject\Backend\target\classes started by olmez in C:\Users\olmez\Desktop\ApartmanProject\Backend)
2024-03-23 16:45:54,924 DEBUG c.e.ApartmanProjectApplication [restartedMain] Running with Spring Boot v3.0.2, Spring v6.0.4
2024-03-23 16:45:54,924 INFO c.e.ApartmanProjectApplication [restartedMain] No active profile set, falling back to 1 default profile: "default"
2024-03-23 16:45:55,745 INFO c.e.ApartmanProjectApplication [restartedMain] Started ApartmanProjectApplication in 0.851 seconds (process running for 7763.558)
2024-03-23 16:49:53,240 INFO c.e.ApartmanProjectApplication [restartedMain] Starting ApartmanProjectApplication using Java 18.0.2.1 with PID 26256 (C:\Users\olmez\Desktop\ApartmanProject\Backend\target\classes started by olmez in C:\Users\olmez\Desktop\ApartmanProject\Backend)
2024-03-23 16:49:53,240 DEBUG c.e.ApartmanProjectApplication [restartedMain] Running with Spring Boot v3.0.2, Spring v6.0.4
2024-03-23 16:49:53,240 INFO c.e.ApartmanProjectApplication [restartedMain] No active profile set, falling back to 1 default profile: "default"
2024-03-23 16:49:54,028 INFO c.e.ApartmanProjectApplication [restartedMain] Started ApartmanProjectApplication in 0.814 seconds (process running for 8001.841)
2024-03-23 16:50:11,395 INFO c.e.ApartmanProjectApplication [restartedMain] Starting ApartmanProjectApplication using Java 18.0.2.1 with PID 25628 (C:\Users\olmez\Desktop\ApartmanProject\Backend\target\classes started by olmez in C:\Users\olmez\Desktop\ApartmanProject\Backend)
2024-03-23 16:50:11,397 DEBUG c.e.ApartmanProjectApplication [restartedMain] Running with Spring Boot v3.0.2, Spring v6.0.4
2024-03-23 16:50:11,398 INFO c.e.ApartmanProjectApplication [restartedMain] No active profile set, falling back to 1 default profile: "default"
2024-03-23 16:50:15,207 INFO c.e.ApartmanProjectApplication [restartedMain] Started ApartmanProjectApplication in 4.169 seconds (process running for 5.139)
2024-03-23 16:50:46,666 INFO c.e.c.flatController [http-nio-8080-exec-1] Sayfa 2 için daireler bulundu.
2024-03-23 16:50:46,666 INFO c.e.c.flatController [http-nio-8080-exec-2] Sayfa 1 için daireler bulundu.
2024-03-23 16:50:57,012 INFO c.e.c.flatController [http-nio-8080-exec-9] Sayfa 1 için daireler bulundu.
2024-03-23 16:50:57,012 INFO c.e.c.flatController [http-nio-8080-exec-5] Sayfa 2 için daireler bulundu.
2024-03-23 16:51:19,336 INFO c.e.c.flatController [http-nio-8080-exec-4] Sayfa 1 için daireler bulundu.
2024-03-23 16:51:19,336 INFO c.e.c.flatController [http-nio-8080-exec-8] Sayfa 2 için daireler bulundu.
2024-03-23 16:51:55,112 INFO c.e.c.flatController [http-nio-8080-exec-9] Sayfa 1 için daireler bulundu.
2024-03-23 16:51:55,112 INFO c.e.c.flatController [http-nio-8080-exec-5] Sayfa 2 için daireler bulundu.
2024-03-23 16:51:57,348 INFO c.e.c.flatController [http-nio-8080-exec-6] Sayfa 2 için daireler bulundu.
2024-03-23 16:51:57,348 INFO c.e.c.flatController [http-nio-8080-exec-7] Sayfa 1 için daireler bulundu.
2024-03-23 16:51:57,826 INFO c.e.c.flatController [http-nio-8080-exec-8] Sayfa 1 için daireler bulundu.
2024-03-23 16:51:57,826 INFO c.e.c.flatController [http-nio-8080-exec-4] Sayfa 2 için daireler bulundu.
2024-03-23 16:52:29,566 INFO c.e.c.flatController [http-nio-8080-exec-3] Sayfa 1 için daireler bulundu.
2024-03-23 16:52:29,566 INFO c.e.c.flatController [http-nio-8080-exec-1] Sayfa 2 için daireler bulundu.
2024-03-23 16:52:34,077 INFO c.e.c.flatController [http-nio-8080-exec-5] Sayfa 2 için daireler bulundu.
2024-03-23 16:52:34,077 INFO c.e.c.flatController [http-nio-8080-exec-7] Sayfa 1 için daireler bulundu.
2024-03-23 16:52:39,612 INFO c.e.c.flatController [http-nio-8080-exec-4] Sayfa 1 için daireler bulundu.
2024-03-23 16:52:39,612 INFO c.e.c.flatController [http-nio-8080-exec-8] Sayfa 2 için daireler bulundu.
2024-03-23 16:53:47,390 INFO c.e.c.flatController [http-nio-8080-exec-3] Sayfa 1 için daireler bulundu.
2024-03-23 16:53:47,390 INFO c.e.c.flatController [http-nio-8080-exec-1] Sayfa 2 için daireler bulundu.
2024-03-23 16:53:47,804 INFO c.e.c.flatController [http-nio-8080-exec-7] Sayfa 1 için daireler bulundu.
2024-03-23 16:53:47,804 INFO c.e.c.flatController [http-nio-8080-exec-9] Sayfa 2 için daireler bulundu.
2024-03-23 16:53:50,957 INFO c.e.c.flatController [http-nio-8080-exec-5] Sayfa 2 için daireler bulundu.
2024-03-23 16:53:50,957 INFO c.e.c.flatController [http-nio-8080-exec-6] Sayfa 1 için daireler bulundu.
2024-03-23 16:53:55,694 INFO c.e.c.flatController [http-nio-8080-exec-10] Sayfa 1 için daireler bulundu.
2024-03-23 16:53:55,695 INFO c.e.c.flatController [http-nio-8080-exec-8] Sayfa 2 için daireler bulundu.
2024-03-23 16:55:05,389 INFO c.e.c.flatController [http-nio-8080-exec-1] Sayfa 2 için daireler bulundu.
2024-03-23 16:55:05,389 INFO c.e.c.flatController [http-nio-8080-exec-7] Sayfa 1 için daireler bulundu.
2024-03-23 16:55:06,609 INFO c.e.c.flatController [http-nio-8080-exec-9] Sayfa 2 için daireler bulundu.
2024-03-23 16:55:06,609 INFO c.e.c.flatController [http-nio-8080-exec-6] Sayfa 1 için daireler bulundu.
2024-03-23 16:55:18,810 INFO c.e.c.flatController [http-nio-8080-exec-8] Sayfa 1 için daireler bulundu.
2024-03-23 16:55:18,810 INFO c.e.c.flatController [http-nio-8080-exec-4] Sayfa 2 için daireler bulundu.
2024-03-23 16:55:28,035 INFO c.e.c.flatController [http-nio-8080-exec-2] Sayfa 1 için daireler bulundu.
2024-03-23 16:55:28,035 INFO c.e.c.flatController [http-nio-8080-exec-3] Sayfa 2 için daireler bulundu.
2024-03-23 16:55:45,607 INFO c.e.c.flatController [http-nio-8080-exec-7] Daire ID: 34 başarıyla silindi.
2024-03-23 16:55:50,382 INFO c.e.c.flatController [http-nio-8080-exec-9] Sayfa 1 için daireler bulundu.
2024-03-23 16:55:50,382 INFO c.e.c.flatController [http-nio-8080-exec-6] Sayfa 2 için daireler bulundu.
2024-03-23 16:56:17,909 INFO c.e.c.flatController [http-nio-8080-exec-5] Sayfa 2 için daireler bulundu.
2024-03-23 16:56:17,909 INFO c.e.c.flatController [http-nio-8080-exec-8] Sayfa 1 için daireler bulundu.
2024-03-23 16:56:18,330 INFO c.e.c.flatController [http-nio-8080-exec-10] Sayfa 1 için daireler bulundu.
2024-03-23 16:56:18,330 INFO c.e.c.flatController [http-nio-8080-exec-4] Sayfa 2 için daireler bulundu.
2024-03-23 16:56:19,709 INFO c.e.c.flatController [http-nio-8080-exec-3] Sayfa 1 için daireler bulundu.
2024-03-23 16:56:19,712 INFO c.e.c.flatController [http-nio-8080-exec-1] Daire ID: 41 başarıyla silindi.
2024-03-23 16:56:21,096 INFO c.e.c.flatController [http-nio-8080-exec-9] Sayfa 1 için daireler bulundu.
2024-03-23 16:56:21,096 INFO c.e.c.flatController [http-nio-8080-exec-7] Sayfa 2 için daireler bulundu.
2024-03-23 16:56:28,730 INFO c.e.c.flatController [http-nio-8080-exec-6] Sayfa 2 için daireler bulundu.
2024-03-23 16:56:28,730 INFO c.e.c.flatController [http-nio-8080-exec-5] Sayfa 1 için daireler bulundu.
2024-03-23 16:56:31,370 INFO c.e.c.flatController [http-nio-8080-exec-8] Sayfa 3 için daireler bulundu.
2024-03-23 16:56:32,774 INFO c.e.c.flatController [http-nio-8080-exec-4] Daire ID: 58 başarıyla silindi.
2024-03-23 16:56:33,996 INFO c.e.c.flatController [http-nio-8080-exec-2] Sayfa 2 için daireler bulundu.
2024-03-23 16:56:33,996 INFO c.e.c.flatController [http-nio-8080-exec-3] Sayfa 1 için daireler bulundu.
2024-03-23 16:56:35,311 INFO c.e.c.flatController [http-nio-8080-exec-7] Sayfa 3 için daireler bulundu.
2024-03-23 16:56:39,233 INFO c.e.c.flatController [http-nio-8080-exec-9] Sayfa 1 için daireler bulundu.
2024-03-23 16:56:39,862 INFO c.e.c.flatController [http-nio-8080-exec-1] Sayfa 2 için daireler bulundu.
2024-03-23 16:56:40,358 INFO c.e.c.flatController [http-nio-8080-exec-5] Sayfa 3 için daireler bulundu.
2024-03-23 16:56:42,292 INFO c.e.c.flatController [http-nio-8080-exec-6] Sayfa 2 için daireler bulundu.
2024-03-23 16:56:43,015 INFO c.e.c.flatController [http-nio-8080-exec-8] Sayfa 1 için daireler bulundu.
2024-03-23 16:56:43,873 INFO c.e.c.flatController [http-nio-8080-exec-10] Sayfa 3 için daireler bulundu.
2024-03-23 16:56:45,017 INFO c.e.c.flatController [http-nio-8080-exec-2] Sayfa 2 için daireler bulundu.
2024-03-23 16:56:45,017 INFO c.e.c.flatController [http-nio-8080-exec-3] Sayfa 1 için daireler bulundu.
2024-03-23 16:56:46,460 INFO c.e.c.flatController [http-nio-8080-exec-4] Sayfa 3 için daireler bulundu.
2024-03-23 16:58:22,596 INFO c.e.c.flatController [http-nio-8080-exec-1] Daire bulundu ID: 57
2024-03-23 16:58:23,681 INFO c.e.c.flatController [http-nio-8080-exec-6] Sayfa 1 için daireler bulundu.
2024-03-23 16:58:23,681 INFO c.e.c.flatController [http-nio-8080-exec-5] Sayfa 2 için daireler bulundu.
2024-03-23 16:58:25,278 INFO c.e.c.flatController [http-nio-8080-exec-8] Daire bulundu ID: 57
2024-03-23 16:58:25,885 INFO c.e.c.flatController [http-nio-8080-exec-3] Sayfa 2 için daireler bulundu.
2024-03-23 16:58:25,885 INFO c.e.c.flatController [http-nio-8080-exec-10] Sayfa 1 için daireler bulundu.
2024-03-23 16:58:28,249 INFO c.e.c.flatController [http-nio-8080-exec-2] Sayfa 3 için daireler bulundu.
2024-03-23 16:59:03,152 INFO c.e.c.flatController [http-nio-8080-exec-7] Sayfa 1 için daireler bulundu.
2024-03-23 16:59:03,152 INFO c.e.c.flatController [http-nio-8080-exec-4] Sayfa 2 için daireler bulundu.
2024-03-23 16:59:06,559 INFO c.e.c.flatController [http-nio-8080-exec-1] Daire ID: 47 başarıyla silindi.
2024-03-23 16:59:08,105 INFO c.e.c.flatController [http-nio-8080-exec-6] Sayfa 1 için daireler bulundu.
2024-03-23 16:59:08,389 INFO c.e.c.flatController [http-nio-8080-exec-5] Sayfa 2 için daireler bulundu.
2024-03-23 16:59:08,390 INFO c.e.c.flatController [http-nio-8080-exec-8] Sayfa 1 için daireler bulundu.
2024-03-23 16:59:11,359 INFO c.e.c.flatController [http-nio-8080-exec-3] Daire ID: 46 başarıyla silindi.
2024-03-23 16:59:13,136 INFO c.e.c.flatController [http-nio-8080-exec-2] Sayfa 1 için daireler bulundu.
2024-03-23 16:59:15,934 INFO c.e.c.flatController [http-nio-8080-exec-7] Sayfa 2 için daireler bulundu.
2024-03-23 16:59:16,342 INFO c.e.c.flatController [http-nio-8080-exec-4] Sayfa 3 için daireler bulundu.
2024-03-23 16:59:17,373 INFO c.e.c.flatController [http-nio-8080-exec-9] Sayfa 2 için daireler bulundu.
2024-03-23 16:59:18,166 INFO c.e.c.flatController [http-nio-8080-exec-1] Sayfa 3 için daireler bulundu.
2024-03-23 16:59:19,810 INFO c.e.c.flatController [http-nio-8080-exec-6] Sayfa 2 için daireler bulundu.
2024-03-23 16:59:33,464 INFO c.e.c.flatController [http-nio-8080-exec-5] Sayfa 2 için daireler bulundu.
2024-03-23 16:59:33,464 INFO c.e.c.flatController [http-nio-8080-exec-8] Sayfa 1 için daireler bulundu.
2024-03-23 16:59:34,887 INFO c.e.c.flatController [http-nio-8080-exec-10] Sayfa 2 için daireler bulundu.
2024-03-23 16:59:35,358 INFO c.e.c.flatController [http-nio-8080-exec-3] Sayfa 3 için daireler bulundu.
2024-03-23 16:59:36,204 INFO c.e.c.flatController [http-nio-8080-exec-2] Sayfa 2 için daireler bulundu.
2024-03-23 16:59:36,717 INFO c.e.c.flatController [http-nio-8080-exec-7] Sayfa 3 için daireler bulundu.
2024-03-23 16:59:37,191 INFO c.e.c.flatController [http-nio-8080-exec-4] Sayfa 2 için daireler bulundu.
2024-03-23 16:59:37,548 INFO c.e.c.flatController [http-nio-8080-exec-9] Sayfa 3 için daireler bulundu.
2024-03-23 16:59:37,903 INFO c.e.c.flatController [http-nio-8080-exec-1] Sayfa 2 için daireler bulundu.
2024-03-23 16:59:38,734 INFO c.e.c.flatController [http-nio-8080-exec-6] Sayfa 3 için daireler bulundu.
2024-03-23 16:59:39,196 INFO c.e.c.flatController [http-nio-8080-exec-8] Sayfa 2 için daireler bulundu.
2024-03-23 16:59:39,618 INFO c.e.c.flatController [http-nio-8080-exec-5] Sayfa 3 için daireler bulundu.
2024-03-23 16:59:45,349 INFO c.e.c.flatController [http-nio-8080-exec-10] Sayfa 1 için daireler bulundu.
2024-03-23 16:59:45,943 INFO c.e.c.flatController [http-nio-8080-exec-3] Sayfa 2 için daireler bulundu.
2024-03-23 16:59:46,358 INFO c.e.c.flatController [http-nio-8080-exec-2] Sayfa 3 için daireler bulundu.
2024-03-23 16:59:47,003 INFO c.e.c.flatController [http-nio-8080-exec-4] Sayfa 1 için daireler bulundu.
2024-03-23 16:59:47,003 WARN c.e.c.flatController [http-nio-8080-exec-7] Sayfa 4 için daire bulunamadı.
2024-03-23 16:59:47,523 INFO c.e.c.flatController [http-nio-8080-exec-9] Sayfa 2 için daireler bulundu.
2024-03-23 16:59:47,976 INFO c.e.c.flatController [http-nio-8080-exec-1] Sayfa 1 için daireler bulundu.
2024-03-23 16:59:48,542 INFO c.e.c.flatController [http-nio-8080-exec-6] Sayfa 3 için daireler bulundu.
2024-03-23 16:59:49,429 INFO c.e.c.flatController [http-nio-8080-exec-8] Sayfa 2 için daireler bulundu.
2024-03-23 16:59:50,498 INFO c.e.c.flatController [http-nio-8080-exec-10] Daire ID: 56 başarıyla silindi.
2024-03-23 16:59:52,049 INFO c.e.c.flatController [http-nio-8080-exec-3] Sayfa 2 için daireler bulundu.
2024-03-23 16:59:53,961 WARN c.e.c.flatController [http-nio-8080-exec-2] Sayfa 3 için daire bulunamadı.
2024-03-23 16:59:54,944 INFO c.e.c.flatController [http-nio-8080-exec-4] Sayfa 2 için daireler bulundu.
2024-03-23 16:59:55,479 INFO c.e.c.flatController [http-nio-8080-exec-7] Sayfa 1 için daireler bulundu.
2024-03-23 16:59:57,376 WARN c.e.c.flatController [http-nio-8080-exec-9] Sayfa 3 için daire bulunamadı.
2024-03-23 16:59:57,715 WARN c.e.c.flatController [http-nio-8080-exec-1] Sayfa 3 için daire bulunamadı.
2024-03-23 16:59:58,399 INFO c.e.c.flatController [http-nio-8080-exec-6] Sayfa 2 için daireler bulundu.
2024-03-23 17:00:00,151 INFO c.e.c.flatController [http-nio-8080-exec-8] Sayfa 2 için daireler bulundu.
2024-03-23 17:00:00,151 INFO c.e.c.flatController [http-nio-8080-exec-5] Sayfa 1 için daireler bulundu.
2024-03-23 17:00:41,996 INFO c.e.c.flatController [http-nio-8080-exec-10] Sayfa 2 için daireler bulundu.
2024-03-23 17:00:41,996 INFO c.e.c.flatController [http-nio-8080-exec-3] Sayfa 1 için daireler bulundu.
2024-03-23 17:00:43,061 INFO c.e.c.flatController [http-nio-8080-exec-4] Sayfa 1 için daireler bulundu.
2024-03-23 17:00:43,061 INFO c.e.c.flatController [http-nio-8080-exec-2] Sayfa 2 için daireler bulundu.
2024-03-23 17:00:55,725 INFO c.e.c.flatController [http-nio-8080-exec-9] Flat ID: 59olan daire başarıyla veritabanına kaydedilmiştir.
2024-03-23 17:00:58,127 INFO c.e.c.flatController [http-nio-8080-exec-1] Flat ID: 60olan daire başarıyla veritabanına kaydedilmiştir.
2024-03-23 17:01:00,370 INFO c.e.c.flatController [http-nio-8080-exec-6] Flat ID: 61olan daire başarıyla veritabanına kaydedilmiştir.
2024-03-23 17:01:04,896 INFO c.e.c.flatController [http-nio-8080-exec-8] Flat ID: 62olan daire başarıyla veritabanına kaydedilmiştir.
2024-03-23 17:01:07,037 INFO c.e.c.flatController [http-nio-8080-exec-5] Flat ID: 63olan daire başarıyla veritabanına kaydedilmiştir.
2024-03-23 17:01:08,910 INFO c.e.c.flatController [http-nio-8080-exec-10] Sayfa 2 için daireler bulundu.
2024-03-23 17:01:08,910 INFO c.e.c.flatController [http-nio-8080-exec-3] Sayfa 1 için daireler bulundu.
2024-03-23 17:01:10,298 INFO c.e.c.flatController [http-nio-8080-exec-4] Sayfa 3 için daireler bulundu.
2024-03-23 17:01:13,994 INFO c.e.c.flatController [http-nio-8080-exec-2] Flat ID: 64olan daire başarıyla veritabanına kaydedilmiştir.
2024-03-23 17:01:17,625 INFO c.e.c.flatController [http-nio-8080-exec-9] Sayfa 1 için daireler bulundu.
2024-03-23 17:01:17,625 INFO c.e.c.flatController [http-nio-8080-exec-7] Sayfa 2 için daireler bulundu.
2024-03-23 17:01:18,510 INFO c.e.c.flatController [http-nio-8080-exec-1] Sayfa 4 için daireler bulundu.
2024-03-23 17:01:20,992 INFO c.e.c.flatController [http-nio-8080-exec-6] Sayfa 3 için daireler bulundu.
2024-03-23 17:01:21,936 INFO c.e.c.flatController [http-nio-8080-exec-5] Daire ID: 63 başarıyla silindi.
2024-03-23 17:01:23,577 INFO c.e.c.flatController [http-nio-8080-exec-10] Sayfa 2 için daireler bulundu.
2024-03-23 17:01:23,577 INFO c.e.c.flatController [http-nio-8080-exec-3] Sayfa 3 için daireler bulundu.
2024-03-23 17:05:15,446 INFO c.e.ApartmanProjectApplication [restartedMain] Starting ApartmanProjectApplication using Java 18.0.2.1 with PID 25628 (C:\Users\olmez\Desktop\ApartmanProject\Backend\target\classes started by olmez in C:\Users\olmez\Desktop\ApartmanProject\Backend)
2024-03-23 17:05:15,447 DEBUG c.e.ApartmanProjectApplication [restartedMain] Running with Spring Boot v3.0.2, Spring v6.0.4
2024-03-23 17:05:15,447 INFO c.e.ApartmanProjectApplication [restartedMain] No active profile set, falling back to 1 default profile: "default"
2024-03-23 17:05:16,437 INFO c.e.ApartmanProjectApplication [restartedMain] Started ApartmanProjectApplication in 1.029 seconds (process running for 906.368)
2024-03-23 17:05:47,294 INFO c.e.ApartmanProjectApplication [restartedMain] Starting ApartmanProjectApplication using Java 18.0.2.1 with PID 25628 (C:\Users\olmez\Desktop\ApartmanProject\Backend\target\classes started by olmez in C:\Users\olmez\Desktop\ApartmanProject\Backend)
2024-03-23 17:05:47,294 DEBUG c.e.ApartmanProjectApplication [restartedMain] Running with Spring Boot v3.0.2, Spring v6.0.4
2024-03-23 17:05:47,294 INFO c.e.ApartmanProjectApplication [restartedMain] No active profile set, falling back to 1 default profile: "default"
2024-03-23 17:05:48,269 INFO c.e.ApartmanProjectApplication [restartedMain] Started ApartmanProjectApplication in 1.005 seconds (process running for 938.2)
2024-03-23 17:06:12,526 INFO c.e.ApartmanProjectApplication [restartedMain] Starting ApartmanProjectApplication using Java 18.0.2.1 with PID 25628 (C:\Users\olmez\Desktop\ApartmanProject\Backend\target\classes started by olmez in C:\Users\olmez\Desktop\ApartmanProject\Backend)
2024-03-23 17:06:12,527 DEBUG c.e.ApartmanProjectApplication [restartedMain] Running with Spring Boot v3.0.2, Spring v6.0.4
2024-03-23 17:06:12,527 INFO c.e.ApartmanProjectApplication [restartedMain] No active profile set, falling back to 1 default profile: "default"
2024-03-23 17:06:13,326 INFO c.e.ApartmanProjectApplication [restartedMain] Started ApartmanProjectApplication in 0.825 seconds (process running for 963.257)
2024-03-23 17:08:32,675 INFO c.e.ApartmanProjectApplication [restartedMain] Starting ApartmanProjectApplication using Java 18.0.2.1 with PID 25628 (C:\Users\olmez\Desktop\ApartmanProject\Backend\target\classes started by olmez in C:\Users\olmez\Desktop\ApartmanProject\Backend)
2024-03-23 17:08:32,675 DEBUG c.e.ApartmanProjectApplication [restartedMain] Running with Spring Boot v3.0.2, Spring v6.0.4
2024-03-23 17:08:32,675 INFO c.e.ApartmanProjectApplication [restartedMain] No active profile set, falling back to 1 default profile: "default"
2024-03-23 17:08:33,604 INFO c.e.ApartmanProjectApplication [restartedMain] Started ApartmanProjectApplication in 0.96 seconds (process running for 1103.535)
2024-03-23 17:12:25,516 INFO c.e.ApartmanProjectApplication [restartedMain] Starting ApartmanProjectApplication using Java 18.0.2.1 with PID 25628 (C:\Users\olmez\Desktop\ApartmanProject\Backend\target\classes started by olmez in C:\Users\olmez\Desktop\ApartmanProject\Backend)
2024-03-23 17:12:25,516 DEBUG c.e.ApartmanProjectApplication [restartedMain] Running with Spring Boot v3.0.2, Spring v6.0.4
2024-03-23 17:12:25,517 INFO c.e.ApartmanProjectApplication [restartedMain] No active profile set, falling back to 1 default profile: "default"
2024-03-23 17:12:26,294 INFO c.e.ApartmanProjectApplication [restartedMain] Started ApartmanProjectApplication in 0.804 seconds (process running for 1336.225)
2024-03-23 17:13:27,511 INFO c.e.ApartmanProjectApplication [restartedMain] Starting ApartmanProjectApplication using Java 18.0.2.1 with PID 25628 (C:\Users\olmez\Desktop\ApartmanProject\Backend\target\classes started by olmez in C:\Users\olmez\Desktop\ApartmanProject\Backend)
2024-03-23 17:13:27,511 DEBUG c.e.ApartmanProjectApplication [restartedMain] Running with Spring Boot v3.0.2, Spring v6.0.4
2024-03-23 17:13:27,511 INFO c.e.ApartmanProjectApplication [restartedMain] No active profile set, falling back to 1 default profile: "default"
2024-03-23 17:13:29,028 INFO c.e.ApartmanProjectApplication [restartedMain] Started ApartmanProjectApplication in 1.544 seconds (process running for 1398.959)
2024-03-23 17:13:35,695 INFO c.e.ApartmanProjectApplication [restartedMain] Starting ApartmanProjectApplication using Java 18.0.2.1 with PID 25628 (C:\Users\olmez\Desktop\ApartmanProject\Backend\target\classes started by olmez in C:\Users\olmez\Desktop\ApartmanProject\Backend)
2024-03-23 17:13:35,695 DEBUG c.e.ApartmanProjectApplication [restartedMain] Running with Spring Boot v3.0.2, Spring v6.0.4
2024-03-23 17:13:35,695 INFO c.e.ApartmanProjectApplication [restartedMain] No active profile set, falling back to 1 default profile: "default"
2024-03-23 17:13:36,441 INFO c.e.ApartmanProjectApplication [restartedMain] Started ApartmanProjectApplication in 0.772 seconds (process running for 1406.372)
2024-03-23 17:19:30,415 INFO c.e.ApartmanProjectApplication [restartedMain] Starting ApartmanProjectApplication using Java 18.0.2.1 with PID 25628 (C:\Users\olmez\Desktop\ApartmanProject\Backend\target\classes started by olmez in C:\Users\olmez\Desktop\ApartmanProject\Backend)
2024-03-23 17:19:30,415 DEBUG c.e.ApartmanProjectApplication [restartedMain] Running with Spring Boot v3.0.2, Spring v6.0.4
2024-03-23 17:19:30,415 INFO c.e.ApartmanProjectApplication [restartedMain] No active profile set, falling back to 1 default profile: "default"
2024-03-23 17:19:31,203 INFO c.e.ApartmanProjectApplication [restartedMain] Started ApartmanProjectApplication in 0.814 seconds (process running for 1761.134)
2024-03-23 17:19:39,074 INFO c.e.c.flatController [http-nio-8080-exec-2] Sayfa 1 için daireler bulundu.
2024-03-23 17:19:39,074 INFO c.e.c.flatController [http-nio-8080-exec-1] Sayfa 2 için daireler bulundu.
2024-03-23 17:19:47,057 INFO c.e.c.flatController [http-nio-8080-exec-3] Daire bulundu ID: 40
2024-03-23 17:19:49,668 INFO c.e.c.flatController [http-nio-8080-exec-5] Daire ID: 40 başarıyla silindi.
2024-03-23 17:19:52,164 INFO c.e.c.flatController [http-nio-8080-exec-6] Sayfa 2 için daireler bulundu.
2024-03-23 17:19:52,164 INFO c.e.c.flatController [http-nio-8080-exec-7] Sayfa 1 için daireler bulundu.
2024-03-23 17:19:57,360 INFO c.e.c.flatController [http-nio-8080-exec-9] Flat ID: 65olan daire başarıyla veritabanına kaydedilmiştir.
2024-03-23 17:19:58,811 ERROR c.e.c.flatController [http-nio-8080-exec-9] Daire kaydedilemedi
java.io.FileNotFoundException: class path resource [classpath:MailTemplate.html] cannot be opened because it does not exist
	at org.springframework.core.io.ClassPathResource.getInputStream(ClassPathResource.java:211)
	at com.example.service.EmailSenderServiceHTML.readTemplateContent(EmailSenderServiceHTML.java:43)
	at com.example.service.EmailSenderServiceHTML.sendEmailWithTemplate(EmailSenderServiceHTML.java:29)
	at com.example.controller.flatController.createFlat(flatController.java:65)
	at java.base/jdk.internal.reflect.DirectMethodHandleAccessor.invoke(DirectMethodHandleAccessor.java:104)
	at java.base/java.lang.reflect.Method.invoke(Method.java:577)
	at org.springframework.web.method.support.InvocableHandlerMethod.doInvoke(InvocableHandlerMethod.java:207)
	at org.springframework.web.method.support.InvocableHandlerMethod.invokeForRequest(InvocableHandlerMethod.java:152)
	at org.springframework.web.servlet.mvc.method.annotation.ServletInvocableHandlerMethod.invokeAndHandle(ServletInvocableHandlerMethod.java:117)
	at org.springframework.web.servlet.mvc.method.annotation.RequestMappingHandlerAdapter.invokeHandlerMethod(RequestMappingHandlerAdapter.java:884)
	at org.springframework.web.servlet.mvc.method.annotation.RequestMappingHandlerAdapter.handleInternal(RequestMappingHandlerAdapter.java:797)
	at org.springframework.web.servlet.mvc.method.AbstractHandlerMethodAdapter.handle(AbstractHandlerMethodAdapter.java:87)
	at org.springframework.web.servlet.DispatcherServlet.doDispatch(DispatcherServlet.java:1080)
	at org.springframework.web.servlet.DispatcherServlet.doService(DispatcherServlet.java:973)
	at org.springframework.web.servlet.FrameworkServlet.processRequest(FrameworkServlet.java:1011)
	at org.springframework.web.servlet.FrameworkServlet.doPost(FrameworkServlet.java:914)
	at jakarta.servlet.http.HttpServlet.service(HttpServlet.java:731)
	at org.springframework.web.servlet.FrameworkServlet.service(FrameworkServlet.java:885)
	at jakarta.servlet.http.HttpServlet.service(HttpServlet.java:814)
	at org.apache.catalina.core.ApplicationFilterChain.internalDoFilter(ApplicationFilterChain.java:223)
	at org.apache.catalina.core.ApplicationFilterChain.doFilter(ApplicationFilterChain.java:158)
	at org.apache.tomcat.websocket.server.WsFilter.doFilter(WsFilter.java:53)
	at org.apache.catalina.core.ApplicationFilterChain.internalDoFilter(ApplicationFilterChain.java:185)
	at org.apache.catalina.core.ApplicationFilterChain.doFilter(ApplicationFilterChain.java:158)
	at org.springframework.web.filter.RequestContextFilter.doFilterInternal(RequestContextFilter.java:100)
	at org.springframework.web.filter.OncePerRequestFilter.doFilter(OncePerRequestFilter.java:116)
	at org.apache.catalina.core.ApplicationFilterChain.internalDoFilter(ApplicationFilterChain.java:185)
	at org.apache.catalina.core.ApplicationFilterChain.doFilter(ApplicationFilterChain.java:158)
	at org.springframework.web.filter.FormContentFilter.doFilterInternal(FormContentFilter.java:93)
	at org.springframework.web.filter.OncePerRequestFilter.doFilter(OncePerRequestFilter.java:116)
	at org.apache.catalina.core.ApplicationFilterChain.internalDoFilter(ApplicationFilterChain.java:185)
	at org.apache.catalina.core.ApplicationFilterChain.doFilter(ApplicationFilterChain.java:158)
	at org.springframework.web.filter.CharacterEncodingFilter.doFilterInternal(CharacterEncodingFilter.java:201)
	at org.springframework.web.filter.OncePerRequestFilter.doFilter(OncePerRequestFilter.java:116)
	at org.apache.catalina.core.ApplicationFilterChain.internalDoFilter(ApplicationFilterChain.java:185)
	at org.apache.catalina.core.ApplicationFilterChain.doFilter(ApplicationFilterChain.java:158)
	at org.apache.catalina.core.StandardWrapperValve.invoke(StandardWrapperValve.java:177)
	at org.apache.catalina.core.StandardContextValve.invoke(StandardContextValve.java:97)
	at org.apache.catalina.authenticator.AuthenticatorBase.invoke(AuthenticatorBase.java:542)
	at org.apache.catalina.core.StandardHostValve.invoke(StandardHostValve.java:119)
	at org.apache.catalina.valves.ErrorReportValve.invoke(ErrorReportValve.java:92)
	at org.apache.catalina.core.StandardEngineValve.invoke(StandardEngineValve.java:78)
	at org.apache.catalina.connector.CoyoteAdapter.service(CoyoteAdapter.java:357)
	at org.apache.coyote.http11.Http11Processor.service(Http11Processor.java:400)
	at org.apache.coyote.AbstractProcessorLight.process(AbstractProcessorLight.java:65)
	at org.apache.coyote.AbstractProtocol$ConnectionHandler.process(AbstractProtocol.java:859)
	at org.apache.tomcat.util.net.NioEndpoint$SocketProcessor.doRun(NioEndpoint.java:1734)
	at org.apache.tomcat.util.net.SocketProcessorBase.run(SocketProcessorBase.java:52)
	at org.apache.tomcat.util.threads.ThreadPoolExecutor.runWorker(ThreadPoolExecutor.java:1191)
	at org.apache.tomcat.util.threads.ThreadPoolExecutor$Worker.run(ThreadPoolExecutor.java:659)
	at org.apache.tomcat.util.threads.TaskThread$WrappingRunnable.run(TaskThread.java:61)
	at java.base/java.lang.Thread.run(Thread.java:833)
2024-03-23 17:19:58,834 ERROR o.a.c.c.C.[.[.[.[dispatcherServlet] [http-nio-8080-exec-9] Servlet.service() for servlet [dispatcherServlet] in context with path [] threw exception [Request processing failed: java.lang.RuntimeException: Daire kaydedilemedi] with root cause
java.io.FileNotFoundException: class path resource [classpath:MailTemplate.html] cannot be opened because it does not exist
	at org.springframework.core.io.ClassPathResource.getInputStream(ClassPathResource.java:211)
	at com.example.service.EmailSenderServiceHTML.readTemplateContent(EmailSenderServiceHTML.java:43)
	at com.example.service.EmailSenderServiceHTML.sendEmailWithTemplate(EmailSenderServiceHTML.java:29)
	at com.example.controller.flatController.createFlat(flatController.java:65)
	at java.base/jdk.internal.reflect.DirectMethodHandleAccessor.invoke(DirectMethodHandleAccessor.java:104)
	at java.base/java.lang.reflect.Method.invoke(Method.java:577)
	at org.springframework.web.method.support.InvocableHandlerMethod.doInvoke(InvocableHandlerMethod.java:207)
	at org.springframework.web.method.support.InvocableHandlerMethod.invokeForRequest(InvocableHandlerMethod.java:152)
	at org.springframework.web.servlet.mvc.method.annotation.ServletInvocableHandlerMethod.invokeAndHandle(ServletInvocableHandlerMethod.java:117)
	at org.springframework.web.servlet.mvc.method.annotation.RequestMappingHandlerAdapter.invokeHandlerMethod(RequestMappingHandlerAdapter.java:884)
	at org.springframework.web.servlet.mvc.method.annotation.RequestMappingHandlerAdapter.handleInternal(RequestMappingHandlerAdapter.java:797)
	at org.springframework.web.servlet.mvc.method.AbstractHandlerMethodAdapter.handle(AbstractHandlerMethodAdapter.java:87)
	at org.springframework.web.servlet.DispatcherServlet.doDispatch(DispatcherServlet.java:1080)
	at org.springframework.web.servlet.DispatcherServlet.doService(DispatcherServlet.java:973)
	at org.springframework.web.servlet.FrameworkServlet.processRequest(FrameworkServlet.java:1011)
	at org.springframework.web.servlet.FrameworkServlet.doPost(FrameworkServlet.java:914)
	at jakarta.servlet.http.HttpServlet.service(HttpServlet.java:731)
	at org.springframework.web.servlet.FrameworkServlet.service(FrameworkServlet.java:885)
	at jakarta.servlet.http.HttpServlet.service(HttpServlet.java:814)
	at org.apache.catalina.core.ApplicationFilterChain.internalDoFilter(ApplicationFilterChain.java:223)
	at org.apache.catalina.core.ApplicationFilterChain.doFilter(ApplicationFilterChain.java:158)
	at org.apache.tomcat.websocket.server.WsFilter.doFilter(WsFilter.java:53)
	at org.apache.catalina.core.ApplicationFilterChain.internalDoFilter(ApplicationFilterChain.java:185)
	at org.apache.catalina.core.ApplicationFilterChain.doFilter(ApplicationFilterChain.java:158)
	at org.springframework.web.filter.RequestContextFilter.doFilterInternal(RequestContextFilter.java:100)
	at org.springframework.web.filter.OncePerRequestFilter.doFilter(OncePerRequestFilter.java:116)
	at org.apache.catalina.core.ApplicationFilterChain.internalDoFilter(ApplicationFilterChain.java:185)
	at org.apache.catalina.core.ApplicationFilterChain.doFilter(ApplicationFilterChain.java:158)
	at org.springframework.web.filter.FormContentFilter.doFilterInternal(FormContentFilter.java:93)
	at org.springframework.web.filter.OncePerRequestFilter.doFilter(OncePerRequestFilter.java:116)
	at org.apache.catalina.core.ApplicationFilterChain.internalDoFilter(ApplicationFilterChain.java:185)
	at org.apache.catalina.core.ApplicationFilterChain.doFilter(ApplicationFilterChain.java:158)
	at org.springframework.web.filter.CharacterEncodingFilter.doFilterInternal(CharacterEncodingFilter.java:201)
	at org.springframework.web.filter.OncePerRequestFilter.doFilter(OncePerRequestFilter.java:116)
	at org.apache.catalina.core.ApplicationFilterChain.internalDoFilter(ApplicationFilterChain.java:185)
	at org.apache.catalina.core.ApplicationFilterChain.doFilter(ApplicationFilterChain.java:158)
	at org.apache.catalina.core.StandardWrapperValve.invoke(StandardWrapperValve.java:177)
	at org.apache.catalina.core.StandardContextValve.invoke(StandardContextValve.java:97)
	at org.apache.catalina.authenticator.AuthenticatorBase.invoke(AuthenticatorBase.java:542)
	at org.apache.catalina.core.StandardHostValve.invoke(StandardHostValve.java:119)
	at org.apache.catalina.valves.ErrorReportValve.invoke(ErrorReportValve.java:92)
	at org.apache.catalina.core.StandardEngineValve.invoke(StandardEngineValve.java:78)
	at org.apache.catalina.connector.CoyoteAdapter.service(CoyoteAdapter.java:357)
	at org.apache.coyote.http11.Http11Processor.service(Http11Processor.java:400)
	at org.apache.coyote.AbstractProcessorLight.process(AbstractProcessorLight.java:65)
	at org.apache.coyote.AbstractProtocol$ConnectionHandler.process(AbstractProtocol.java:859)
	at org.apache.tomcat.util.net.NioEndpoint$SocketProcessor.doRun(NioEndpoint.java:1734)
	at org.apache.tomcat.util.net.SocketProcessorBase.run(SocketProcessorBase.java:52)
	at org.apache.tomcat.util.threads.ThreadPoolExecutor.runWorker(ThreadPoolExecutor.java:1191)
	at org.apache.tomcat.util.threads.ThreadPoolExecutor$Worker.run(ThreadPoolExecutor.java:659)
	at org.apache.tomcat.util.threads.TaskThread$WrappingRunnable.run(TaskThread.java:61)
	at java.base/java.lang.Thread.run(Thread.java:833)
2024-03-23 17:21:50,093 INFO c.e.ApartmanProjectApplication [restartedMain] Starting ApartmanProjectApplication using Java 18.0.2.1 with PID 22768 (C:\Users\olmez\Desktop\ApartmanProject\Backend\target\classes started by olmez in C:\Users\olmez\Desktop\ApartmanProject\Backend)
2024-03-23 17:21:50,094 DEBUG c.e.ApartmanProjectApplication [restartedMain] Running with Spring Boot v3.0.2, Spring v6.0.4
2024-03-23 17:21:50,095 INFO c.e.ApartmanProjectApplication [restartedMain] No active profile set, falling back to 1 default profile: "default"
2024-03-23 17:21:54,200 INFO c.e.ApartmanProjectApplication [restartedMain] Started ApartmanProjectApplication in 4.433 seconds (process running for 5.302)
2024-03-23 17:21:54,662 INFO c.e.c.flatController [http-nio-8080-exec-2] Sayfa 1 için daireler bulundu.
2024-03-23 17:21:54,662 INFO c.e.c.flatController [http-nio-8080-exec-1] Sayfa 2 için daireler bulundu.
2024-03-23 17:21:59,070 INFO c.e.c.flatController [http-nio-8080-exec-4] Flat ID: 66olan daire başarıyla veritabanına kaydedilmiştir.
2024-03-23 17:22:49,135 INFO c.e.ApartmanProjectApplication [restartedMain] Starting ApartmanProjectApplication using Java 18.0.2.1 with PID 22768 (C:\Users\olmez\Desktop\ApartmanProject\Backend\target\classes started by olmez in C:\Users\olmez\Desktop\ApartmanProject\Backend)
2024-03-23 17:22:49,135 DEBUG c.e.ApartmanProjectApplication [restartedMain] Running with Spring Boot v3.0.2, Spring v6.0.4
2024-03-23 17:22:49,135 INFO c.e.ApartmanProjectApplication [restartedMain] No active profile set, falling back to 1 default profile: "default"
2024-03-23 17:22:50,104 INFO c.e.ApartmanProjectApplication [restartedMain] Started ApartmanProjectApplication in 1.003 seconds (process running for 61.206)
2024-03-23 17:22:51,618 INFO c.e.ApartmanProjectApplication [restartedMain] Starting ApartmanProjectApplication using Java 18.0.2.1 with PID 22768 (C:\Users\olmez\Desktop\ApartmanProject\Backend\target\classes started by olmez in C:\Users\olmez\Desktop\ApartmanProject\Backend)
2024-03-23 17:22:51,618 DEBUG c.e.ApartmanProjectApplication [restartedMain] Running with Spring Boot v3.0.2, Spring v6.0.4
2024-03-23 17:22:51,618 INFO c.e.ApartmanProjectApplication [restartedMain] No active profile set, falling back to 1 default profile: "default"
2024-03-23 17:22:52,510 INFO c.e.ApartmanProjectApplication [restartedMain] Started ApartmanProjectApplication in 0.915 seconds (process running for 63.611)
2024-03-23 17:25:16,466 INFO c.e.ApartmanProjectApplication [restartedMain] Starting ApartmanProjectApplication using Java 18.0.2.1 with PID 22768 (C:\Users\olmez\Desktop\ApartmanProject\Backend\target\classes started by olmez in C:\Users\olmez\Desktop\ApartmanProject\Backend)
2024-03-23 17:25:16,467 DEBUG c.e.ApartmanProjectApplication [restartedMain] Running with Spring Boot v3.0.2, Spring v6.0.4
2024-03-23 17:25:16,467 INFO c.e.ApartmanProjectApplication [restartedMain] No active profile set, falling back to 1 default profile: "default"
2024-03-23 17:25:17,294 INFO c.e.ApartmanProjectApplication [restartedMain] Started ApartmanProjectApplication in 0.859 seconds (process running for 208.396)
2024-03-23 17:40:53,071 INFO c.e.ApartmanProjectApplication [restartedMain] Starting ApartmanProjectApplication using Java 18.0.2.1 with PID 22768 (C:\Users\olmez\Desktop\ApartmanProject\Backend\target\classes started by olmez in C:\Users\olmez\Desktop\ApartmanProject\Backend)
2024-03-23 17:40:53,072 DEBUG c.e.ApartmanProjectApplication [restartedMain] Running with Spring Boot v3.0.2, Spring v6.0.4
2024-03-23 17:40:53,072 INFO c.e.ApartmanProjectApplication [restartedMain] No active profile set, falling back to 1 default profile: "default"
2024-03-23 17:40:53,856 INFO c.e.ApartmanProjectApplication [restartedMain] Started ApartmanProjectApplication in 0.808 seconds (process running for 1144.958)
2024-03-23 17:40:59,456 INFO c.e.c.flatController [http-nio-8080-exec-2] Flat ID: 67olan daire başarıyla veritabanına kaydedilmiştir.
2024-03-23 17:41:28,037 INFO c.e.c.flatController [http-nio-8080-exec-3] Flat ID: 68olan daire başarıyla veritabanına kaydedilmiştir.
